Unity Editor version:    2021.3.19f1 (c9714fde33b6)
Branch:                  2021.3/staging
Build type:              Release
Batch mode:              YES
macOS version:           Version 13.3.1 (Build 22E261)
Darwin version:          22.4.0
Architecture:            x86_64
Running under Rosetta:   NO
Available memory:        8192 MB
Using pre-set license
Pro License: YES

COMMAND LINE ARGUMENTS:
/Applications/Unity/Hub/Editor/2021.3.19f1/Unity.app/Contents/MacOS/Unity
-adb2
-batchMode
-noUpm
-name
AssetImportWorker0
-projectPath
/Users/imani/Desktop/game dev/dancingDK/dancingDK
-logFile
Logs/AssetImportWorker0.log
-srvPort
49557
Successfully changed project path to: /Users/imani/Desktop/game dev/dancingDK/dancingDK
/Users/imani/Desktop/game dev/dancingDK/dancingDK
[UnityMemory] Configuration Parameters - Can be set up in boot.config
    "memorysetup-bucket-allocator-granularity=16"
    "memorysetup-bucket-allocator-bucket-count=8"
    "memorysetup-bucket-allocator-block-size=33554432"
    "memorysetup-bucket-allocator-block-count=8"
    "memorysetup-main-allocator-block-size=16777216"
    "memorysetup-thread-allocator-block-size=16777216"
    "memorysetup-gfx-main-allocator-block-size=16777216"
    "memorysetup-gfx-thread-allocator-block-size=16777216"
    "memorysetup-cache-allocator-block-size=4194304"
    "memorysetup-typetree-allocator-block-size=2097152"
    "memorysetup-profiler-bucket-allocator-granularity=16"
    "memorysetup-profiler-bucket-allocator-bucket-count=8"
    "memorysetup-profiler-bucket-allocator-block-size=33554432"
    "memorysetup-profiler-bucket-allocator-block-count=8"
    "memorysetup-profiler-allocator-block-size=16777216"
    "memorysetup-profiler-editor-allocator-block-size=1048576"
    "memorysetup-temp-allocator-size-main=16777216"
    "memorysetup-job-temp-allocator-block-size=2097152"
    "memorysetup-job-temp-allocator-block-size-background=1048576"
    "memorysetup-job-temp-allocator-reduction-small-platforms=262144"
    "memorysetup-temp-allocator-size-background-worker=32768"
    "memorysetup-temp-allocator-size-job-worker=262144"
    "memorysetup-temp-allocator-size-preload-manager=33554432"
    "memorysetup-temp-allocator-size-nav-mesh-worker=65536"
    "memorysetup-temp-allocator-size-audio-worker=65536"
    "memorysetup-temp-allocator-size-cloud-worker=32768"
    "memorysetup-temp-allocator-size-gi-baking-worker=262144"
    "memorysetup-temp-allocator-size-gfx=262144"
Player connection [140704701670208] Host "[IP] 192.168.1.253 [Port] 0 [Flags] 2 [Guid] 915246659 [EditorId] 915246659 [Version] 1048832 [Id] OSXEditor(0,athena.local) [Debug] 1 [PackageName] OSXEditor [ProjectName] Editor" joined multi-casting on [225.0.0.222:54997]...

Player connection [140704701670208] Host "[IP] 192.168.1.253 [Port] 0 [Flags] 2 [Guid] 915246659 [EditorId] 915246659 [Version] 1048832 [Id] OSXEditor(0,athena.local) [Debug] 1 [PackageName] OSXEditor [ProjectName] Editor" joined alternative multi-casting on [225.0.0.222:34997]...

Refreshing native plugins compatible for Editor in 599.64 ms, found 2 plugins.
Preloading 0 native plugins for Editor in 0.00 ms.
Initialize engine version: 2021.3.19f1 (c9714fde33b6)
[Subsystems] Discovering subsystems at path /Applications/Unity/Hub/Editor/2021.3.19f1/Unity.app/Contents/Resources/UnitySubsystems
[Subsystems] Discovering subsystems at path /Users/imani/Desktop/game dev/dancingDK/dancingDK/Assets
GfxDevice: creating device client; threaded=0; jobified=0
Color LCD preferred device: Intel(R) Iris(TM) Plus Graphics (low power)
Metal devices available: 1
0: Intel(R) Iris(TM) Plus Graphics (low power)
Using device Intel(R) Iris(TM) Plus Graphics (low power)
Initializing Metal device caps: Intel(R) Iris(TM) Plus Graphics
Initialize mono
Mono path[0] = '/Applications/Unity/Hub/Editor/2021.3.19f1/Unity.app/Contents/Managed'
Mono path[1] = '/Applications/Unity/Hub/Editor/2021.3.19f1/Unity.app/Contents/MonoBleedingEdge/lib/mono/unityjit-macos'
Mono config path = '/Applications/Unity/Hub/Editor/2021.3.19f1/Unity.app/Contents/MonoBleedingEdge/etc'
Using monoOptions --debugger-agent=transport=dt_socket,embedding=1,server=y,suspend=n,address=127.0.0.1:56486
Begin MonoManager ReloadAssembly
Registering precompiled unity dll's ...
Register platform support module: /Applications/Unity/Hub/Editor/2021.3.19f1/Unity.app/Contents/PlaybackEngines/MacStandaloneSupport/UnityEditor.OSXStandalone.Extensions.dll
Registered in 0.004517 seconds.
Native extension for OSXStandalone target not found
Refreshing native plugins compatible for Editor in 169.69 ms, found 2 plugins.
Preloading 0 native plugins for Editor in 0.00 ms.
Mono: successfully reloaded assembly
- Completed reload, in  1.791 seconds
Domain Reload Profiling:
	ReloadAssembly (1792ms)
		BeginReloadAssembly (298ms)
			ExecutionOrderSort (0ms)
			DisableScriptedObjects (0ms)
			BackupInstance (0ms)
			ReleaseScriptingObjects (0ms)
			CreateAndSetChildDomain (1ms)
		EndReloadAssembly (1285ms)
			LoadAssemblies (298ms)
			RebuildTransferFunctionScriptingTraits (0ms)
			SetupTypeCache (375ms)
			ReleaseScriptCaches (0ms)
			RebuildScriptCaches (68ms)
			SetupLoadedEditorAssemblies (692ms)
				LogAssemblyErrors (0ms)
				InitializePlatformSupportModulesInManaged (12ms)
				SetLoadedEditorAssemblies (0ms)
				RefreshPlugins (170ms)
				BeforeProcessingInitializeOnLoad (3ms)
				ProcessInitializeOnLoadAttributes (401ms)
				ProcessInitializeOnLoadMethodAttributes (106ms)
				AfterProcessingInitializeOnLoad (0ms)
				EditorAssembliesLoaded (0ms)
			ExecutionOrderSort2 (0ms)
			AwakeInstancesAfterBackupRestoration (0ms)
Platform modules already initialized, skipping
Registering precompiled user dll's ...
Registered in 0.016329 seconds.
Begin MonoManager ReloadAssembly
Symbol file LoadedFromMemory doesn't match image /Users/imani/Desktop/game dev/dancingDK/dancingDK/Library/PackageCache/com.unity.visualscripting@1.8.0/Editor/VisualScripting.Core/Dependencies/YamlDotNet/Unity.VisualScripting.YamlDotNet.dll
Symbol file LoadedFromMemory doesn't match image /Users/imani/Desktop/game dev/dancingDK/dancingDK/Library/PackageCache/com.unity.visualscripting@1.8.0/Editor/VisualScripting.Core/Dependencies/DotNetZip/Unity.VisualScripting.IonicZip.dll
Native extension for OSXStandalone target not found
Refreshing native plugins compatible for Editor in 0.89 ms, found 2 plugins.
Preloading 0 native plugins for Editor in 0.00 ms.
Mono: successfully reloaded assembly
- Completed reload, in  2.657 seconds
Domain Reload Profiling:
	ReloadAssembly (2658ms)
		BeginReloadAssembly (182ms)
			ExecutionOrderSort (0ms)
			DisableScriptedObjects (10ms)
			BackupInstance (0ms)
			ReleaseScriptingObjects (0ms)
			CreateAndSetChildDomain (46ms)
		EndReloadAssembly (2132ms)
			LoadAssemblies (189ms)
			RebuildTransferFunctionScriptingTraits (0ms)
			SetupTypeCache (816ms)
			ReleaseScriptCaches (1ms)
			RebuildScriptCaches (137ms)
			SetupLoadedEditorAssemblies (860ms)
				LogAssemblyErrors (0ms)
				InitializePlatformSupportModulesInManaged (9ms)
				SetLoadedEditorAssemblies (1ms)
				RefreshPlugins (1ms)
				BeforeProcessingInitializeOnLoad (146ms)
				ProcessInitializeOnLoadAttributes (641ms)
				ProcessInitializeOnLoadMethodAttributes (57ms)
				AfterProcessingInitializeOnLoad (4ms)
				EditorAssembliesLoaded (0ms)
			ExecutionOrderSort2 (0ms)
			AwakeInstancesAfterBackupRestoration (9ms)
Platform modules already initialized, skipping
========================================================================
Worker process is ready to serve import requests
Launching external process: /Applications/Unity/Hub/Editor/2021.3.19f1/Unity.app/Contents/Tools/UnityShaderCompiler
Launched and connected shader compiler UnityShaderCompiler after 0.14 seconds
Refreshing native plugins compatible for Editor in 0.85 ms, found 2 plugins.
Preloading 0 native plugins for Editor in 0.00 ms.
Unloading 3141 Unused Serialized files (Serialized files now loaded: 0)
Unloading 28 unused Assets / (Unknown). Loaded Objects now: 3606.
Memory consumption went from 107.2 MB to 107.2 MB.
Total: 6.924652 ms (FindLiveObjects: 0.411476 ms CreateObjectMapping: 0.188076 ms MarkObjects: 5.976328 ms  DeleteObjects: 0.346654 ms)

AssetImportParameters requested are different than current active one (requested -> active):
  custom:video-decoder-ogg-theora: a1e56fd34408186e4bbccfd4996cb3dc -> 
  custom:container-muxer-webm: aa71ff27fc2769a1b78a27578f13a17b -> 
  custom:container-demuxer-webm: 4f35f7cbe854078d1ac9338744f61a02 -> 
  custom:video-encoder-webm-vp8: eb34c28f22e8b96e1ab97ce403110664 -> 
  custom:framework-osx-AVFoundation: e770b220cccbd017edd2c1fefb359320 -> 
  custom:audio-encoder-webm-vorbis: bf7c407c2cedff20999df2af8eb42d56 -> 
  custom:container-demuxer-ogg: 62fdf1f143b41e24485cea50d1cbac27 -> 
  custom:video-decoder-webm-vp8: 9c59270c3fd7afecdb556c50c9e8de78 -> 
  custom:audio-decoder-ogg-vorbis: bf7c407c2cedff20999df2af8eb42d56 -> 
========================================================================
Received Import Request.
  Time since last request: 300122.622193 seconds.
  path: Assets/Prefabs/Cube.prefab
  artifactKey: Guid(c9b1bd2b1a954448ea9dbd1ed97f099f) Importer(815301076,1909f56bfc062723c751e8b465ee728b)
Start importing Assets/Prefabs/Cube.prefab using Guid(c9b1bd2b1a954448ea9dbd1ed97f099f) Importer(815301076,1909f56bfc062723c751e8b465ee728b)  -> (artifact id: '389d3d33627cfd9f8be5e5a1885f14ab') in 2.502612 seconds 
========================================================================
Received Prepare
Registering precompiled user dll's ...
Registered in 0.005256 seconds.
Begin MonoManager ReloadAssembly
Symbol file LoadedFromMemory doesn't match image /Users/imani/Desktop/game dev/dancingDK/dancingDK/Library/PackageCache/com.unity.visualscripting@1.8.0/Editor/VisualScripting.Core/Dependencies/YamlDotNet/Unity.VisualScripting.YamlDotNet.dll
Symbol file LoadedFromMemory doesn't match image /Users/imani/Desktop/game dev/dancingDK/dancingDK/Library/PackageCache/com.unity.visualscripting@1.8.0/Editor/VisualScripting.Core/Dependencies/DotNetZip/Unity.VisualScripting.IonicZip.dll
Native extension for OSXStandalone target not found
Refreshing native plugins compatible for Editor in 1.13 ms, found 2 plugins.
Preloading 0 native plugins for Editor in 0.00 ms.
Mono: successfully reloaded assembly
- Completed reload, in  3.469 seconds
Domain Reload Profiling:
	ReloadAssembly (3472ms)
		BeginReloadAssembly (278ms)
			ExecutionOrderSort (0ms)
			DisableScriptedObjects (13ms)
			BackupInstance (0ms)
			ReleaseScriptingObjects (0ms)
			CreateAndSetChildDomain (119ms)
		EndReloadAssembly (2974ms)
			LoadAssemblies (133ms)
			RebuildTransferFunctionScriptingTraits (0ms)
			SetupTypeCache (703ms)
			ReleaseScriptCaches (4ms)
			RebuildScriptCaches (195ms)
			SetupLoadedEditorAssemblies (1654ms)
				LogAssemblyErrors (0ms)
				InitializePlatformSupportModulesInManaged (33ms)
				SetLoadedEditorAssemblies (2ms)
				RefreshPlugins (1ms)
				BeforeProcessingInitializeOnLoad (259ms)
				ProcessInitializeOnLoadAttributes (1249ms)
				ProcessInitializeOnLoadMethodAttributes (102ms)
				AfterProcessingInitializeOnLoad (6ms)
				EditorAssembliesLoaded (0ms)
			ExecutionOrderSort2 (0ms)
			AwakeInstancesAfterBackupRestoration (21ms)
Platform modules already initialized, skipping
Refreshing native plugins compatible for Editor in 5.97 ms, found 2 plugins.
Preloading 0 native plugins for Editor in 0.00 ms.
Unloading 3123 Unused Serialized files (Serialized files now loaded: 0)
Unloading 17 unused Assets / (64.5 KB). Loaded Objects now: 3619.
Memory consumption went from 112.0 MB to 112.0 MB.
Total: 9.974798 ms (FindLiveObjects: 0.551410 ms CreateObjectMapping: 0.489407 ms MarkObjects: 8.651328 ms  DeleteObjects: 0.280278 ms)

AssetImportParameters requested are different than current active one (requested -> active):
  custom:video-decoder-ogg-theora: a1e56fd34408186e4bbccfd4996cb3dc -> 
  custom:container-muxer-webm: aa71ff27fc2769a1b78a27578f13a17b -> 
  custom:container-demuxer-webm: 4f35f7cbe854078d1ac9338744f61a02 -> 
  custom:video-encoder-webm-vp8: eb34c28f22e8b96e1ab97ce403110664 -> 
  custom:framework-osx-AVFoundation: e770b220cccbd017edd2c1fefb359320 -> 
  custom:audio-encoder-webm-vorbis: bf7c407c2cedff20999df2af8eb42d56 -> 
  custom:container-demuxer-ogg: 62fdf1f143b41e24485cea50d1cbac27 -> 
  custom:video-decoder-webm-vp8: 9c59270c3fd7afecdb556c50c9e8de78 -> 
  custom:audio-decoder-ogg-vorbis: bf7c407c2cedff20999df2af8eb42d56 -> 
========================================================================
Received Import Request.
  Time since last request: 55.076975 seconds.
  path: Assets/Prefabs/Cube.prefab
  artifactKey: Guid(c9b1bd2b1a954448ea9dbd1ed97f099f) Importer(815301076,1909f56bfc062723c751e8b465ee728b)
Start importing Assets/Prefabs/Cube.prefab using Guid(c9b1bd2b1a954448ea9dbd1ed97f099f) Importer(815301076,1909f56bfc062723c751e8b465ee728b)  -> (artifact id: '389d3d33627cfd9f8be5e5a1885f14ab') in 0.111217 seconds 
========================================================================
Received Import Request.
  Time since last request: 61.332223 seconds.
  path: 
  artifactKey: Guid(79693c5dc247c46d1956f9bddb99dbc4) Importer(815301076,1909f56bfc062723c751e8b465ee728b)
Start importing  using Guid(79693c5dc247c46d1956f9bddb99dbc4) Importer(815301076,1909f56bfc062723c751e8b465ee728b)  -> (artifact id: '00000000000000000000000000000000') in 0.000291 seconds  code(3) message(Unknown asset with GUID '79693c5dc247c46d1956f9bddb99dbc4')
  ERROR: Unknown asset with GUID '79693c5dc247c46d1956f9bddb99dbc4'
========================================================================
Received Import Request.
  Time since last request: 12.295616 seconds.
  path: 
  artifactKey: Guid(79693c5dc247c46d1956f9bddb99dbc4) Importer(815301076,1909f56bfc062723c751e8b465ee728b)
Start importing  using Guid(79693c5dc247c46d1956f9bddb99dbc4) Importer(815301076,1909f56bfc062723c751e8b465ee728b)  -> (artifact id: '00000000000000000000000000000000') in 0.000244 seconds  code(3) message(Unknown asset with GUID '79693c5dc247c46d1956f9bddb99dbc4')
  ERROR: Unknown asset with GUID '79693c5dc247c46d1956f9bddb99dbc4'
========================================================================
Received Import Request.
  Time since last request: 23.468522 seconds.
  path: 
  artifactKey: Guid(3a24914ec87354eedab79c33eb84f062) Importer(815301076,1909f56bfc062723c751e8b465ee728b)
Start importing  using Guid(3a24914ec87354eedab79c33eb84f062) Importer(815301076,1909f56bfc062723c751e8b465ee728b)  -> (artifact id: '00000000000000000000000000000000') in 0.000239 seconds  code(3) message(Unknown asset with GUID '3a24914ec87354eedab79c33eb84f062')
  ERROR: Unknown asset with GUID '3a24914ec87354eedab79c33eb84f062'
========================================================================
Received Import Request.
  Time since last request: 186.052884 seconds.
  path: Assets/Prefabs/Cube.prefab
  artifactKey: Guid(c9b1bd2b1a954448ea9dbd1ed97f099f) Importer(815301076,1909f56bfc062723c751e8b465ee728b)
Start importing Assets/Prefabs/Cube.prefab using Guid(c9b1bd2b1a954448ea9dbd1ed97f099f) Importer(815301076,1909f56bfc062723c751e8b465ee728b)  -> (artifact id: '389d3d33627cfd9f8be5e5a1885f14ab') in 0.087325 seconds 
========================================================================
Received Import Request.
  Time since last request: 5.888210 seconds.
  path: Assets/Prefabs/Cube.prefab
  artifactKey: Guid(c9b1bd2b1a954448ea9dbd1ed97f099f) Importer(815301076,1909f56bfc062723c751e8b465ee728b)
Start importing Assets/Prefabs/Cube.prefab using Guid(c9b1bd2b1a954448ea9dbd1ed97f099f) Importer(815301076,1909f56bfc062723c751e8b465ee728b)  -> (artifact id: '389d3d33627cfd9f8be5e5a1885f14ab') in 0.020491 seconds 
========================================================================
Received Prepare
Registering precompiled user dll's ...
Registered in 0.003252 seconds.
Begin MonoManager ReloadAssembly
Symbol file LoadedFromMemory doesn't match image /Users/imani/Desktop/game dev/dancingDK/dancingDK/Library/PackageCache/com.unity.visualscripting@1.8.0/Editor/VisualScripting.Core/Dependencies/YamlDotNet/Unity.VisualScripting.YamlDotNet.dll
Symbol file LoadedFromMemory doesn't match image /Users/imani/Desktop/game dev/dancingDK/dancingDK/Library/PackageCache/com.unity.visualscripting@1.8.0/Editor/VisualScripting.Core/Dependencies/DotNetZip/Unity.VisualScripting.IonicZip.dll
Native extension for OSXStandalone target not found
Refreshing native plugins compatible for Editor in 1.47 ms, found 2 plugins.
Preloading 0 native plugins for Editor in 0.00 ms.
Mono: successfully reloaded assembly
- Completed reload, in  4.216 seconds
Domain Reload Profiling:
	ReloadAssembly (4219ms)
		BeginReloadAssembly (564ms)
			ExecutionOrderSort (0ms)
			DisableScriptedObjects (21ms)
			BackupInstance (0ms)
			ReleaseScriptingObjects (0ms)
			CreateAndSetChildDomain (269ms)
		EndReloadAssembly (3245ms)
			LoadAssemblies (264ms)
			RebuildTransferFunctionScriptingTraits (0ms)
			SetupTypeCache (1227ms)
			ReleaseScriptCaches (3ms)
			RebuildScriptCaches (191ms)
			SetupLoadedEditorAssemblies (1348ms)
				LogAssemblyErrors (0ms)
				InitializePlatformSupportModulesInManaged (41ms)
				SetLoadedEditorAssemblies (3ms)
				RefreshPlugins (2ms)
				BeforeProcessingInitializeOnLoad (200ms)
				ProcessInitializeOnLoadAttributes (988ms)
				ProcessInitializeOnLoadMethodAttributes (108ms)
				AfterProcessingInitializeOnLoad (7ms)
				EditorAssembliesLoaded (1ms)
			ExecutionOrderSort2 (0ms)
			AwakeInstancesAfterBackupRestoration (22ms)
Platform modules already initialized, skipping
Refreshing native plugins compatible for Editor in 3.68 ms, found 2 plugins.
Preloading 0 native plugins for Editor in 0.00 ms.
Unloading 3123 Unused Serialized files (Serialized files now loaded: 0)
Unloading 17 unused Assets / (64.6 KB). Loaded Objects now: 3622.
Memory consumption went from 112.0 MB to 112.0 MB.
Total: 10.674608 ms (FindLiveObjects: 0.390125 ms CreateObjectMapping: 0.219933 ms MarkObjects: 9.381101 ms  DeleteObjects: 0.680900 ms)

AssetImportParameters requested are different than current active one (requested -> active):
  custom:video-decoder-ogg-theora: a1e56fd34408186e4bbccfd4996cb3dc -> 
  custom:container-muxer-webm: aa71ff27fc2769a1b78a27578f13a17b -> 
  custom:container-demuxer-webm: 4f35f7cbe854078d1ac9338744f61a02 -> 
  custom:video-encoder-webm-vp8: eb34c28f22e8b96e1ab97ce403110664 -> 
  custom:framework-osx-AVFoundation: e770b220cccbd017edd2c1fefb359320 -> 
  custom:audio-encoder-webm-vorbis: bf7c407c2cedff20999df2af8eb42d56 -> 
  custom:container-demuxer-ogg: 62fdf1f143b41e24485cea50d1cbac27 -> 
  custom:video-decoder-webm-vp8: 9c59270c3fd7afecdb556c50c9e8de78 -> 
  custom:audio-decoder-ogg-vorbis: bf7c407c2cedff20999df2af8eb42d56 -> 
========================================================================
Received Import Request.
  Time since last request: 19.989231 seconds.
  path: Assets/Prefabs/Cube.prefab
  artifactKey: Guid(c9b1bd2b1a954448ea9dbd1ed97f099f) Importer(815301076,1909f56bfc062723c751e8b465ee728b)
Start importing Assets/Prefabs/Cube.prefab using Guid(c9b1bd2b1a954448ea9dbd1ed97f099f) Importer(815301076,1909f56bfc062723c751e8b465ee728b)  -> (artifact id: '389d3d33627cfd9f8be5e5a1885f14ab') in 0.252123 seconds 
========================================================================
Received Import Request.
  Time since last request: 130.158479 seconds.
  path: 
  artifactKey: Guid(3a24914ec87354eedab79c33eb84f062) Importer(815301076,1909f56bfc062723c751e8b465ee728b)
Start importing  using Guid(3a24914ec87354eedab79c33eb84f062) Importer(815301076,1909f56bfc062723c751e8b465ee728b)  -> (artifact id: '00000000000000000000000000000000') in 0.000266 seconds  code(3) message(Unknown asset with GUID '3a24914ec87354eedab79c33eb84f062')
  ERROR: Unknown asset with GUID '3a24914ec87354eedab79c33eb84f062'
========================================================================
Received Prepare
Registering precompiled user dll's ...
Registered in 0.006957 seconds.
Begin MonoManager ReloadAssembly
Symbol file LoadedFromMemory doesn't match image /Users/imani/Desktop/game dev/dancingDK/dancingDK/Library/PackageCache/com.unity.visualscripting@1.8.0/Editor/VisualScripting.Core/Dependencies/YamlDotNet/Unity.VisualScripting.YamlDotNet.dll
Symbol file LoadedFromMemory doesn't match image /Users/imani/Desktop/game dev/dancingDK/dancingDK/Library/PackageCache/com.unity.visualscripting@1.8.0/Editor/VisualScripting.Core/Dependencies/DotNetZip/Unity.VisualScripting.IonicZip.dll
Native extension for OSXStandalone target not found
Refreshing native plugins compatible for Editor in 0.89 ms, found 2 plugins.
Preloading 0 native plugins for Editor in 0.00 ms.
Mono: successfully reloaded assembly
- Completed reload, in  3.401 seconds
Domain Reload Profiling:
	ReloadAssembly (3405ms)
		BeginReloadAssembly (588ms)
			ExecutionOrderSort (0ms)
			DisableScriptedObjects (40ms)
			BackupInstance (0ms)
			ReleaseScriptingObjects (0ms)
			CreateAndSetChildDomain (303ms)
		EndReloadAssembly (2547ms)
			LoadAssemblies (199ms)
			RebuildTransferFunctionScriptingTraits (0ms)
			SetupTypeCache (946ms)
			ReleaseScriptCaches (4ms)
			RebuildScriptCaches (152ms)
			SetupLoadedEditorAssemblies (1066ms)
				LogAssemblyErrors (0ms)
				InitializePlatformSupportModulesInManaged (28ms)
				SetLoadedEditorAssemblies (2ms)
				RefreshPlugins (1ms)
				BeforeProcessingInitializeOnLoad (152ms)
				ProcessInitializeOnLoadAttributes (793ms)
				ProcessInitializeOnLoadMethodAttributes (83ms)
				AfterProcessingInitializeOnLoad (5ms)
				EditorAssembliesLoaded (0ms)
			ExecutionOrderSort2 (0ms)
			AwakeInstancesAfterBackupRestoration (16ms)
Platform modules already initialized, skipping
Refreshing native plugins compatible for Editor in 3.66 ms, found 2 plugins.
Preloading 0 native plugins for Editor in 0.00 ms.
Unloading 3123 Unused Serialized files (Serialized files now loaded: 0)
Unloading 17 unused Assets / (64.5 KB). Loaded Objects now: 3625.
Memory consumption went from 112.1 MB to 112.0 MB.
Total: 5.353945 ms (FindLiveObjects: 0.260749 ms CreateObjectMapping: 0.170488 ms MarkObjects: 4.710009 ms  DeleteObjects: 0.211250 ms)

AssetImportParameters requested are different than current active one (requested -> active):
  custom:video-decoder-ogg-theora: a1e56fd34408186e4bbccfd4996cb3dc -> 
  custom:container-muxer-webm: aa71ff27fc2769a1b78a27578f13a17b -> 
  custom:container-demuxer-webm: 4f35f7cbe854078d1ac9338744f61a02 -> 
  custom:video-encoder-webm-vp8: eb34c28f22e8b96e1ab97ce403110664 -> 
  custom:framework-osx-AVFoundation: e770b220cccbd017edd2c1fefb359320 -> 
  custom:audio-encoder-webm-vorbis: bf7c407c2cedff20999df2af8eb42d56 -> 
  custom:container-demuxer-ogg: 62fdf1f143b41e24485cea50d1cbac27 -> 
  custom:video-decoder-webm-vp8: 9c59270c3fd7afecdb556c50c9e8de78 -> 
  custom:audio-decoder-ogg-vorbis: bf7c407c2cedff20999df2af8eb42d56 -> 
========================================================================
Received Import Request.
  Time since last request: 33.820369 seconds.
  path: Assets/Prefabs/Cube.prefab
  artifactKey: Guid(c9b1bd2b1a954448ea9dbd1ed97f099f) Importer(815301076,1909f56bfc062723c751e8b465ee728b)
Start importing Assets/Prefabs/Cube.prefab using Guid(c9b1bd2b1a954448ea9dbd1ed97f099f) Importer(815301076,1909f56bfc062723c751e8b465ee728b)  -> (artifact id: '389d3d33627cfd9f8be5e5a1885f14ab') in 0.111405 seconds 
========================================================================
Received Import Request.
  Time since last request: 4.309589 seconds.
  path: Assets/Prefabs/Cube.prefab
  artifactKey: Guid(c9b1bd2b1a954448ea9dbd1ed97f099f) Importer(815301076,1909f56bfc062723c751e8b465ee728b)
Start importing Assets/Prefabs/Cube.prefab using Guid(c9b1bd2b1a954448ea9dbd1ed97f099f) Importer(815301076,1909f56bfc062723c751e8b465ee728b)  -> (artifact id: '389d3d33627cfd9f8be5e5a1885f14ab') in 0.013745 seconds 
========================================================================
Received Import Request.
  Time since last request: 9.473510 seconds.
  path: Assets/Prefabs/Cube.prefab
  artifactKey: Guid(c9b1bd2b1a954448ea9dbd1ed97f099f) Importer(815301076,1909f56bfc062723c751e8b465ee728b)
Start importing Assets/Prefabs/Cube.prefab using Guid(c9b1bd2b1a954448ea9dbd1ed97f099f) Importer(815301076,1909f56bfc062723c751e8b465ee728b)  -> (artifact id: '389d3d33627cfd9f8be5e5a1885f14ab') in 0.013341 seconds 
========================================================================
Received Prepare
Registering precompiled user dll's ...
Registered in 0.005921 seconds.
Begin MonoManager ReloadAssembly
Symbol file LoadedFromMemory doesn't match image /Users/imani/Desktop/game dev/dancingDK/dancingDK/Library/PackageCache/com.unity.visualscripting@1.8.0/Editor/VisualScripting.Core/Dependencies/YamlDotNet/Unity.VisualScripting.YamlDotNet.dll
Symbol file LoadedFromMemory doesn't match image /Users/imani/Desktop/game dev/dancingDK/dancingDK/Library/PackageCache/com.unity.visualscripting@1.8.0/Editor/VisualScripting.Core/Dependencies/DotNetZip/Unity.VisualScripting.IonicZip.dll
Native extension for OSXStandalone target not found
Refreshing native plugins compatible for Editor in 1.65 ms, found 2 plugins.
Preloading 0 native plugins for Editor in 0.00 ms.
Mono: successfully reloaded assembly
- Completed reload, in  3.758 seconds
Domain Reload Profiling:
	ReloadAssembly (3760ms)
		BeginReloadAssembly (309ms)
			ExecutionOrderSort (0ms)
			DisableScriptedObjects (15ms)
			BackupInstance (0ms)
			ReleaseScriptingObjects (0ms)
			CreateAndSetChildDomain (131ms)
		EndReloadAssembly (3159ms)
			LoadAssemblies (182ms)
			RebuildTransferFunctionScriptingTraits (0ms)
			SetupTypeCache (1179ms)
			ReleaseScriptCaches (3ms)
			RebuildScriptCaches (203ms)
			SetupLoadedEditorAssemblies (1294ms)
				LogAssemblyErrors (0ms)
				InitializePlatformSupportModulesInManaged (46ms)
				SetLoadedEditorAssemblies (3ms)
				RefreshPlugins (2ms)
				BeforeProcessingInitializeOnLoad (220ms)
				ProcessInitializeOnLoadAttributes (934ms)
				ProcessInitializeOnLoadMethodAttributes (83ms)
				AfterProcessingInitializeOnLoad (6ms)
				EditorAssembliesLoaded (0ms)
			ExecutionOrderSort2 (0ms)
			AwakeInstancesAfterBackupRestoration (21ms)
Platform modules already initialized, skipping
Refreshing native plugins compatible for Editor in 4.61 ms, found 2 plugins.
Preloading 0 native plugins for Editor in 0.00 ms.
Unloading 3123 Unused Serialized files (Serialized files now loaded: 0)
Unloading 17 unused Assets / (64.6 KB). Loaded Objects now: 3628.
Memory consumption went from 112.1 MB to 112.0 MB.
Total: 8.487182 ms (FindLiveObjects: 0.496015 ms CreateObjectMapping: 0.681075 ms MarkObjects: 6.902960 ms  DeleteObjects: 0.403661 ms)

AssetImportParameters requested are different than current active one (requested -> active):
  custom:video-decoder-ogg-theora: a1e56fd34408186e4bbccfd4996cb3dc -> 
  custom:container-muxer-webm: aa71ff27fc2769a1b78a27578f13a17b -> 
  custom:container-demuxer-webm: 4f35f7cbe854078d1ac9338744f61a02 -> 
  custom:video-encoder-webm-vp8: eb34c28f22e8b96e1ab97ce403110664 -> 
  custom:framework-osx-AVFoundation: e770b220cccbd017edd2c1fefb359320 -> 
  custom:audio-encoder-webm-vorbis: bf7c407c2cedff20999df2af8eb42d56 -> 
  custom:container-demuxer-ogg: 62fdf1f143b41e24485cea50d1cbac27 -> 
  custom:video-decoder-webm-vp8: 9c59270c3fd7afecdb556c50c9e8de78 -> 
  custom:audio-decoder-ogg-vorbis: bf7c407c2cedff20999df2af8eb42d56 -> 
========================================================================
Received Prepare
Registering precompiled user dll's ...
Registered in 0.016487 seconds.
Begin MonoManager ReloadAssembly
Symbol file LoadedFromMemory doesn't match image /Users/imani/Desktop/game dev/dancingDK/dancingDK/Library/PackageCache/com.unity.visualscripting@1.8.0/Editor/VisualScripting.Core/Dependencies/YamlDotNet/Unity.VisualScripting.YamlDotNet.dll
Symbol file LoadedFromMemory doesn't match image /Users/imani/Desktop/game dev/dancingDK/dancingDK/Library/PackageCache/com.unity.visualscripting@1.8.0/Editor/VisualScripting.Core/Dependencies/DotNetZip/Unity.VisualScripting.IonicZip.dll
Native extension for OSXStandalone target not found
Refreshing native plugins compatible for Editor in 1.82 ms, found 2 plugins.
Preloading 0 native plugins for Editor in 0.00 ms.
Mono: successfully reloaded assembly
- Completed reload, in  4.716 seconds
Domain Reload Profiling:
	ReloadAssembly (4718ms)
		BeginReloadAssembly (412ms)
			ExecutionOrderSort (0ms)
			DisableScriptedObjects (31ms)
			BackupInstance (0ms)
			ReleaseScriptingObjects (0ms)
			CreateAndSetChildDomain (152ms)
		EndReloadAssembly (3955ms)
			LoadAssemblies (220ms)
			RebuildTransferFunctionScriptingTraits (0ms)
			SetupTypeCache (1480ms)
			ReleaseScriptCaches (5ms)
			RebuildScriptCaches (259ms)
			SetupLoadedEditorAssemblies (1672ms)
				LogAssemblyErrors (0ms)
				InitializePlatformSupportModulesInManaged (37ms)
				SetLoadedEditorAssemblies (3ms)
				RefreshPlugins (2ms)
				BeforeProcessingInitializeOnLoad (310ms)
				ProcessInitializeOnLoadAttributes (1201ms)
				ProcessInitializeOnLoadMethodAttributes (109ms)
				AfterProcessingInitializeOnLoad (8ms)
				EditorAssembliesLoaded (1ms)
			ExecutionOrderSort2 (0ms)
			AwakeInstancesAfterBackupRestoration (25ms)
Platform modules already initialized, skipping
Refreshing native plugins compatible for Editor in 7.48 ms, found 2 plugins.
Preloading 0 native plugins for Editor in 0.00 ms.
Unloading 3123 Unused Serialized files (Serialized files now loaded: 0)
Unloading 17 unused Assets / (64.7 KB). Loaded Objects now: 3631.
Memory consumption went from 112.1 MB to 112.0 MB.
Total: 11.114245 ms (FindLiveObjects: 0.810612 ms CreateObjectMapping: 0.417848 ms MarkObjects: 9.512050 ms  DeleteObjects: 0.368129 ms)

AssetImportParameters requested are different than current active one (requested -> active):
  custom:video-decoder-ogg-theora: a1e56fd34408186e4bbccfd4996cb3dc -> 
  custom:container-muxer-webm: aa71ff27fc2769a1b78a27578f13a17b -> 
  custom:container-demuxer-webm: 4f35f7cbe854078d1ac9338744f61a02 -> 
  custom:video-encoder-webm-vp8: eb34c28f22e8b96e1ab97ce403110664 -> 
  custom:framework-osx-AVFoundation: e770b220cccbd017edd2c1fefb359320 -> 
  custom:audio-encoder-webm-vorbis: bf7c407c2cedff20999df2af8eb42d56 -> 
  custom:container-demuxer-ogg: 62fdf1f143b41e24485cea50d1cbac27 -> 
  custom:video-decoder-webm-vp8: 9c59270c3fd7afecdb556c50c9e8de78 -> 
  custom:audio-decoder-ogg-vorbis: bf7c407c2cedff20999df2af8eb42d56 -> 
========================================================================
Received Prepare
Registering precompiled user dll's ...
Registered in 0.006383 seconds.
Begin MonoManager ReloadAssembly
Symbol file LoadedFromMemory doesn't match image /Users/imani/Desktop/game dev/dancingDK/dancingDK/Library/PackageCache/com.unity.visualscripting@1.8.0/Editor/VisualScripting.Core/Dependencies/YamlDotNet/Unity.VisualScripting.YamlDotNet.dll
Symbol file LoadedFromMemory doesn't match image /Users/imani/Desktop/game dev/dancingDK/dancingDK/Library/PackageCache/com.unity.visualscripting@1.8.0/Editor/VisualScripting.Core/Dependencies/DotNetZip/Unity.VisualScripting.IonicZip.dll
Native extension for OSXStandalone target not found
Refreshing native plugins compatible for Editor in 1.09 ms, found 2 plugins.
Preloading 0 native plugins for Editor in 0.00 ms.
Mono: successfully reloaded assembly
- Completed reload, in  3.961 seconds
Domain Reload Profiling:
	ReloadAssembly (3963ms)
		BeginReloadAssembly (428ms)
			ExecutionOrderSort (0ms)
			DisableScriptedObjects (19ms)
			BackupInstance (0ms)
			ReleaseScriptingObjects (0ms)
			CreateAndSetChildDomain (180ms)
		EndReloadAssembly (3179ms)
			LoadAssemblies (271ms)
			RebuildTransferFunctionScriptingTraits (0ms)
			SetupTypeCache (1308ms)
			ReleaseScriptCaches (2ms)
			RebuildScriptCaches (156ms)
			SetupLoadedEditorAssemblies (1279ms)
				LogAssemblyErrors (0ms)
				InitializePlatformSupportModulesInManaged (26ms)
				SetLoadedEditorAssemblies (2ms)
				RefreshPlugins (1ms)
				BeforeProcessingInitializeOnLoad (161ms)
				ProcessInitializeOnLoadAttributes (969ms)
				ProcessInitializeOnLoadMethodAttributes (113ms)
				AfterProcessingInitializeOnLoad (7ms)
				EditorAssembliesLoaded (1ms)
			ExecutionOrderSort2 (0ms)
			AwakeInstancesAfterBackupRestoration (19ms)
Platform modules already initialized, skipping
Refreshing native plugins compatible for Editor in 4.27 ms, found 2 plugins.
Preloading 0 native plugins for Editor in 0.00 ms.
Unloading 3123 Unused Serialized files (Serialized files now loaded: 0)
Unloading 17 unused Assets / (64.8 KB). Loaded Objects now: 3634.
Memory consumption went from 112.1 MB to 112.0 MB.
Total: 5.857154 ms (FindLiveObjects: 0.453698 ms CreateObjectMapping: 0.290194 ms MarkObjects: 4.961988 ms  DeleteObjects: 0.149495 ms)

AssetImportParameters requested are different than current active one (requested -> active):
  custom:video-decoder-ogg-theora: a1e56fd34408186e4bbccfd4996cb3dc -> 
  custom:container-muxer-webm: aa71ff27fc2769a1b78a27578f13a17b -> 
  custom:container-demuxer-webm: 4f35f7cbe854078d1ac9338744f61a02 -> 
  custom:video-encoder-webm-vp8: eb34c28f22e8b96e1ab97ce403110664 -> 
  custom:framework-osx-AVFoundation: e770b220cccbd017edd2c1fefb359320 -> 
  custom:audio-encoder-webm-vorbis: bf7c407c2cedff20999df2af8eb42d56 -> 
  custom:container-demuxer-ogg: 62fdf1f143b41e24485cea50d1cbac27 -> 
  custom:video-decoder-webm-vp8: 9c59270c3fd7afecdb556c50c9e8de78 -> 
  custom:audio-decoder-ogg-vorbis: bf7c407c2cedff20999df2af8eb42d56 -> 
========================================================================
Received Import Request.
  Time since last request: 215.534418 seconds.
  path: Assets/TextMesh Pro/Examples & Extras/Resources/Fonts & Materials/Anton SDF.asset
  artifactKey: Guid(8a89fa14b10d46a99122fd4f73fca9a2) Importer(815301076,1909f56bfc062723c751e8b465ee728b)
Start importing Assets/TextMesh Pro/Examples & Extras/Resources/Fonts & Materials/Anton SDF.asset using Guid(8a89fa14b10d46a99122fd4f73fca9a2) Importer(815301076,1909f56bfc062723c751e8b465ee728b)  -> (artifact id: '16c5611e49d29ebc459f3bdd72d6156d') in 0.394338 seconds 
========================================================================
Received Import Request.
  Time since last request: 32.238656 seconds.
  path: Assets/Models/City_Models/Roads/road_bendSquare.obj
  artifactKey: Guid(da9bfb7df00f04b328e7b4717e92c27e) Importer(815301076,1909f56bfc062723c751e8b465ee728b)
Start importing Assets/Models/City_Models/Roads/road_bendSquare.obj using Guid(da9bfb7df00f04b328e7b4717e92c27e) Importer(815301076,1909f56bfc062723c751e8b465ee728b)  -> (artifact id: '00000000000000000000000000000000') in 0.466750 seconds  code(4) message(Build asset version error: assets/models/city_models/roads/road_bendsquare.obj.meta in SourceAssetDB has modification time of '2023-05-03T22:31:12Z' while content on disk has modification time of '2023-05-04T15:04:22Z')
  ERROR: Build asset version error: assets/models/city_models/roads/road_bendsquare.obj.meta in SourceAssetDB has modification time of '2023-05-03T22:31:12Z' while content on disk has modification time of '2023-05-04T15:04:22Z'
========================================================================
Received Import Request.
  Time since last request: 12.227757 seconds.
  path: 
  artifactKey: Guid(e108bd55603d044988dd8d483184b3fb) Importer(815301076,1909f56bfc062723c751e8b465ee728b)
Start importing  using Guid(e108bd55603d044988dd8d483184b3fb) Importer(815301076,1909f56bfc062723c751e8b465ee728b)  -> (artifact id: '00000000000000000000000000000000') in 0.000130 seconds  code(3) message(Unknown asset with GUID 'e108bd55603d044988dd8d483184b3fb')
  ERROR: Unknown asset with GUID 'e108bd55603d044988dd8d483184b3fb'
========================================================================
Received Import Request.
  Time since last request: 0.000172 seconds.
  path: 
  artifactKey: Guid(c65d3f2a65d2343b48d783014eb53de2) Importer(815301076,1909f56bfc062723c751e8b465ee728b)
Start importing  using Guid(c65d3f2a65d2343b48d783014eb53de2) Importer(815301076,1909f56bfc062723c751e8b465ee728b)  -> (artifact id: '00000000000000000000000000000000') in 0.000146 seconds  code(3) message(Unknown asset with GUID 'c65d3f2a65d2343b48d783014eb53de2')
  ERROR: Unknown asset with GUID 'c65d3f2a65d2343b48d783014eb53de2'
========================================================================
Received Import Request.
  Time since last request: 0.000162 seconds.
  path: 
  artifactKey: Guid(27f2e40c565284629aa4a682c481dfbe) Importer(815301076,1909f56bfc062723c751e8b465ee728b)
Start importing  using Guid(27f2e40c565284629aa4a682c481dfbe) Importer(815301076,1909f56bfc062723c751e8b465ee728b)  -> (artifact id: '00000000000000000000000000000000') in 0.000265 seconds  code(3) message(Unknown asset with GUID '27f2e40c565284629aa4a682c481dfbe')
  ERROR: Unknown asset with GUID '27f2e40c565284629aa4a682c481dfbe'
========================================================================
Received Import Request.
  Time since last request: 0.000181 seconds.
  path: 
  artifactKey: Guid(d9c43b72769f948708c1032233604c12) Importer(815301076,1909f56bfc062723c751e8b465ee728b)
Start importing  using Guid(d9c43b72769f948708c1032233604c12) Importer(815301076,1909f56bfc062723c751e8b465ee728b)  -> (artifact id: '00000000000000000000000000000000') in 0.000113 seconds  code(3) message(Unknown asset with GUID 'd9c43b72769f948708c1032233604c12')
  ERROR: Unknown asset with GUID 'd9c43b72769f948708c1032233604c12'
========================================================================
Received Import Request.
  Time since last request: 95.043643 seconds.
  path: 
  artifactKey: Guid(01c1521b6d2ee45eda8708f069a12bc6) Importer(815301076,1909f56bfc062723c751e8b465ee728b)
Start importing  using Guid(01c1521b6d2ee45eda8708f069a12bc6) Importer(815301076,1909f56bfc062723c751e8b465ee728b)  -> (artifact id: '00000000000000000000000000000000') in 0.000067 seconds  code(3) message(Unknown asset with GUID '01c1521b6d2ee45eda8708f069a12bc6')
  ERROR: Unknown asset with GUID '01c1521b6d2ee45eda8708f069a12bc6'
========================================================================
Received Prepare
Registering precompiled user dll's ...
Registered in 0.005895 seconds.
Begin MonoManager ReloadAssembly
Symbol file LoadedFromMemory doesn't match image /Users/imani/Desktop/game dev/dancingDK/dancingDK/Library/PackageCache/com.unity.visualscripting@1.8.0/Editor/VisualScripting.Core/Dependencies/YamlDotNet/Unity.VisualScripting.YamlDotNet.dll
Symbol file LoadedFromMemory doesn't match image /Users/imani/Desktop/game dev/dancingDK/dancingDK/Library/PackageCache/com.unity.visualscripting@1.8.0/Editor/VisualScripting.Core/Dependencies/DotNetZip/Unity.VisualScripting.IonicZip.dll
Native extension for OSXStandalone target not found
Refreshing native plugins compatible for Editor in 0.84 ms, found 2 plugins.
Preloading 0 native plugins for Editor in 0.00 ms.
Mono: successfully reloaded assembly
- Completed reload, in  4.345 seconds
Domain Reload Profiling:
	ReloadAssembly (4349ms)
		BeginReloadAssembly (1132ms)
			ExecutionOrderSort (0ms)
			DisableScriptedObjects (62ms)
			BackupInstance (0ms)
			ReleaseScriptingObjects (0ms)
			CreateAndSetChildDomain (521ms)
		EndReloadAssembly (2677ms)
			LoadAssemblies (508ms)
			RebuildTransferFunctionScriptingTraits (0ms)
			SetupTypeCache (1430ms)
			ReleaseScriptCaches (3ms)
			RebuildScriptCaches (98ms)
			SetupLoadedEditorAssemblies (754ms)
				LogAssemblyErrors (0ms)
				InitializePlatformSupportModulesInManaged (18ms)
				SetLoadedEditorAssemblies (1ms)
				RefreshPlugins (1ms)
				BeforeProcessingInitializeOnLoad (97ms)
				ProcessInitializeOnLoadAttributes (585ms)
				ProcessInitializeOnLoadMethodAttributes (48ms)
				AfterProcessingInitializeOnLoad (3ms)
				EditorAssembliesLoaded (0ms)
			ExecutionOrderSort2 (0ms)
			AwakeInstancesAfterBackupRestoration (9ms)
Platform modules already initialized, skipping
Refreshing native plugins compatible for Editor in 3.90 ms, found 2 plugins.
Preloading 0 native plugins for Editor in 0.00 ms.
Unloading 3123 Unused Serialized files (Serialized files now loaded: 0)
Unloading 17 unused Assets / (64.6 KB). Loaded Objects now: 3676.
Memory consumption went from 120.8 MB to 120.7 MB.
Total: 7.049215 ms (FindLiveObjects: 0.472616 ms CreateObjectMapping: 0.224507 ms MarkObjects: 6.093798 ms  DeleteObjects: 0.255944 ms)

AssetImportParameters requested are different than current active one (requested -> active):
  custom:video-decoder-ogg-theora: a1e56fd34408186e4bbccfd4996cb3dc -> 
  custom:container-muxer-webm: aa71ff27fc2769a1b78a27578f13a17b -> 
  custom:container-demuxer-webm: 4f35f7cbe854078d1ac9338744f61a02 -> 
  custom:video-encoder-webm-vp8: eb34c28f22e8b96e1ab97ce403110664 -> 
  custom:framework-osx-AVFoundation: e770b220cccbd017edd2c1fefb359320 -> 
  custom:audio-encoder-webm-vorbis: bf7c407c2cedff20999df2af8eb42d56 -> 
  custom:container-demuxer-ogg: 62fdf1f143b41e24485cea50d1cbac27 -> 
  custom:video-decoder-webm-vp8: 9c59270c3fd7afecdb556c50c9e8de78 -> 
  custom:audio-decoder-ogg-vorbis: bf7c407c2cedff20999df2af8eb42d56 -> 
========================================================================
Received Prepare
Registering precompiled user dll's ...
Registered in 0.007704 seconds.
Begin MonoManager ReloadAssembly
Symbol file LoadedFromMemory doesn't match image /Users/imani/Desktop/game dev/dancingDK/dancingDK/Library/PackageCache/com.unity.visualscripting@1.8.0/Editor/VisualScripting.Core/Dependencies/YamlDotNet/Unity.VisualScripting.YamlDotNet.dll
Symbol file LoadedFromMemory doesn't match image /Users/imani/Desktop/game dev/dancingDK/dancingDK/Library/PackageCache/com.unity.visualscripting@1.8.0/Editor/VisualScripting.Core/Dependencies/DotNetZip/Unity.VisualScripting.IonicZip.dll
Native extension for OSXStandalone target not found
Refreshing native plugins compatible for Editor in 1.54 ms, found 2 plugins.
Preloading 0 native plugins for Editor in 0.00 ms.
Mono: successfully reloaded assembly
- Completed reload, in  4.918 seconds
Domain Reload Profiling:
	ReloadAssembly (4921ms)
		BeginReloadAssembly (382ms)
			ExecutionOrderSort (0ms)
			DisableScriptedObjects (24ms)
			BackupInstance (0ms)
			ReleaseScriptingObjects (0ms)
			CreateAndSetChildDomain (151ms)
		EndReloadAssembly (4173ms)
			LoadAssemblies (173ms)
			RebuildTransferFunctionScriptingTraits (0ms)
			SetupTypeCache (1456ms)
			ReleaseScriptCaches (6ms)
			RebuildScriptCaches (266ms)
			SetupLoadedEditorAssemblies (1888ms)
				LogAssemblyErrors (0ms)
				InitializePlatformSupportModulesInManaged (38ms)
				SetLoadedEditorAssemblies (3ms)
				RefreshPlugins (2ms)
				BeforeProcessingInitializeOnLoad (343ms)
				ProcessInitializeOnLoadAttributes (1351ms)
				ProcessInitializeOnLoadMethodAttributes (137ms)
				AfterProcessingInitializeOnLoad (13ms)
				EditorAssembliesLoaded (1ms)
			ExecutionOrderSort2 (0ms)
			AwakeInstancesAfterBackupRestoration (19ms)
Platform modules already initialized, skipping
Refreshing native plugins compatible for Editor in 3.48 ms, found 2 plugins.
Preloading 0 native plugins for Editor in 0.00 ms.
Unloading 3123 Unused Serialized files (Serialized files now loaded: 0)
Unloading 17 unused Assets / (64.7 KB). Loaded Objects now: 3679.
Memory consumption went from 120.8 MB to 120.7 MB.
Total: 13.595523 ms (FindLiveObjects: 0.369480 ms CreateObjectMapping: 0.248607 ms MarkObjects: 12.749425 ms  DeleteObjects: 0.225372 ms)

AssetImportParameters requested are different than current active one (requested -> active):
  custom:video-decoder-ogg-theora: a1e56fd34408186e4bbccfd4996cb3dc -> 
  custom:container-muxer-webm: aa71ff27fc2769a1b78a27578f13a17b -> 
  custom:container-demuxer-webm: 4f35f7cbe854078d1ac9338744f61a02 -> 
  custom:video-encoder-webm-vp8: eb34c28f22e8b96e1ab97ce403110664 -> 
  custom:framework-osx-AVFoundation: e770b220cccbd017edd2c1fefb359320 -> 
  custom:audio-encoder-webm-vorbis: bf7c407c2cedff20999df2af8eb42d56 -> 
  custom:container-demuxer-ogg: 62fdf1f143b41e24485cea50d1cbac27 -> 
  custom:video-decoder-webm-vp8: 9c59270c3fd7afecdb556c50c9e8de78 -> 
  custom:audio-decoder-ogg-vorbis: bf7c407c2cedff20999df2af8eb42d56 -> 
========================================================================
Received Import Request.
  Time since last request: 144.194832 seconds.
  path: Assets/Models/City_Models/Roads/road_bendSquare.obj
  artifactKey: Guid(da9bfb7df00f04b328e7b4717e92c27e) Importer(815301076,1909f56bfc062723c751e8b465ee728b)
Start importing Assets/Models/City_Models/Roads/road_bendSquare.obj using Guid(da9bfb7df00f04b328e7b4717e92c27e) Importer(815301076,1909f56bfc062723c751e8b465ee728b)  -> (artifact id: '00000000000000000000000000000000') in 0.751814 seconds  code(4) message(Build asset version error: assets/models/city_models/roads/road_bendsquare.obj.meta in SourceAssetDB has modification time of '2023-05-03T22:31:12Z' while content on disk has modification time of '2023-05-04T15:04:22Z')
  ERROR: Build asset version error: assets/models/city_models/roads/road_bendsquare.obj.meta in SourceAssetDB has modification time of '2023-05-03T22:31:12Z' while content on disk has modification time of '2023-05-04T15:04:22Z'
========================================================================
Received Import Request.
  Time since last request: 178.470703 seconds.
  path: 
  artifactKey: Guid(3a24914ec87354eedab79c33eb84f062) Importer(815301076,1909f56bfc062723c751e8b465ee728b)
Start importing  using Guid(3a24914ec87354eedab79c33eb84f062) Importer(815301076,1909f56bfc062723c751e8b465ee728b)  -> (artifact id: '00000000000000000000000000000000') in 0.001136 seconds  code(3) message(Unknown asset with GUID '3a24914ec87354eedab79c33eb84f062')
  ERROR: Unknown asset with GUID '3a24914ec87354eedab79c33eb84f062'
========================================================================
Received Import Request.
  Time since last request: 7.060338 seconds.
  path: Assets/Scenes/City.unity
  artifactKey: Guid(f26a0b0ffcdf44702acb2b794e1557c2) Importer(815301076,1909f56bfc062723c751e8b465ee728b)
Start importing Assets/Scenes/City.unity using Guid(f26a0b0ffcdf44702acb2b794e1557c2) Importer(815301076,1909f56bfc062723c751e8b465ee728b)  -> (artifact id: '00000000000000000000000000000000') in 0.004336 seconds  code(4) message(Build asset version error: assets/scenes/city.unity in SourceAssetDB has modification time of '2023-05-04T12:31:03Z' while content on disk has modification time of '2023-05-04T15:11:10Z')
  ERROR: Build asset version error: assets/scenes/city.unity in SourceAssetDB has modification time of '2023-05-04T12:31:03Z' while content on disk has modification time of '2023-05-04T15:11:10Z'
========================================================================
Received Import Request.
  Time since last request: 78.148498 seconds.
  path: Assets/Scenes/MainMenu.unity
  artifactKey: Guid(365a0fbb9294e4a56839e3053772d761) Importer(815301076,1909f56bfc062723c751e8b465ee728b)
Start importing Assets/Scenes/MainMenu.unity using Guid(365a0fbb9294e4a56839e3053772d761) Importer(815301076,1909f56bfc062723c751e8b465ee728b)  -> (artifact id: '00000000000000000000000000000000') in 0.004238 seconds  code(4) message(Build asset version error: assets/scenes/mainmenu.unity in SourceAssetDB has modification time of '2023-05-04T11:17:05Z' while content on disk has modification time of '2023-05-04T14:42:04Z')
  ERROR: Build asset version error: assets/scenes/mainmenu.unity in SourceAssetDB has modification time of '2023-05-04T11:17:05Z' while content on disk has modification time of '2023-05-04T14:42:04Z'
========================================================================
Received Import Request.
  Time since last request: 339.874612 seconds.
  path: Assets/Models/City_Models/Roads/road_bendSquare.obj
  artifactKey: Guid(da9bfb7df00f04b328e7b4717e92c27e) Importer(815301076,1909f56bfc062723c751e8b465ee728b)
Start importing Assets/Models/City_Models/Roads/road_bendSquare.obj using Guid(da9bfb7df00f04b328e7b4717e92c27e) Importer(815301076,1909f56bfc062723c751e8b465ee728b)  -> (artifact id: '00000000000000000000000000000000') in 0.140226 seconds  code(4) message(Build asset version error: assets/models/city_models/roads/road_bendsquare.obj.meta in SourceAssetDB has modification time of '2023-05-03T22:31:12Z' while content on disk has modification time of '2023-05-04T15:04:22Z')
  ERROR: Build asset version error: assets/models/city_models/roads/road_bendsquare.obj.meta in SourceAssetDB has modification time of '2023-05-03T22:31:12Z' while content on disk has modification time of '2023-05-04T15:04:22Z'
========================================================================
Received Import Request.
  Time since last request: 23.449206 seconds.
  path: Assets/Models/City_Models/Roads/road_straightBarrier.obj
  artifactKey: Guid(7e9807d5c906e4dae821e7108a756772) Importer(815301076,1909f56bfc062723c751e8b465ee728b)
Start importing Assets/Models/City_Models/Roads/road_straightBarrier.obj using Guid(7e9807d5c906e4dae821e7108a756772) Importer(815301076,1909f56bfc062723c751e8b465ee728b)  -> (artifact id: '00000000000000000000000000000000') in 0.046861 seconds  code(4) message(Build asset version error: assets/models/city_models/roads/road_straightbarrier.obj.meta in SourceAssetDB has modification time of '2023-05-03T22:31:13Z' while content on disk has modification time of '2023-05-04T15:19:03Z')
  ERROR: Build asset version error: assets/models/city_models/roads/road_straightbarrier.obj.meta in SourceAssetDB has modification time of '2023-05-03T22:31:13Z' while content on disk has modification time of '2023-05-04T15:19:03Z'
========================================================================
Received Import Request.
  Time since last request: 38.590073 seconds.
  path: Assets/Prefabs/Cube.prefab
  artifactKey: Guid(c9b1bd2b1a954448ea9dbd1ed97f099f) Importer(815301076,1909f56bfc062723c751e8b465ee728b)
Start importing Assets/Prefabs/Cube.prefab using Guid(c9b1bd2b1a954448ea9dbd1ed97f099f) Importer(815301076,1909f56bfc062723c751e8b465ee728b)  -> (artifact id: '389d3d33627cfd9f8be5e5a1885f14ab') in 0.042094 seconds 
========================================================================
Received Import Request.
  Time since last request: 12.242374 seconds.
  path: 
  artifactKey: Guid(e108bd55603d044988dd8d483184b3fb) Importer(815301076,1909f56bfc062723c751e8b465ee728b)
Start importing  using Guid(e108bd55603d044988dd8d483184b3fb) Importer(815301076,1909f56bfc062723c751e8b465ee728b)  -> (artifact id: '00000000000000000000000000000000') in 0.000116 seconds  code(3) message(Unknown asset with GUID 'e108bd55603d044988dd8d483184b3fb')
  ERROR: Unknown asset with GUID 'e108bd55603d044988dd8d483184b3fb'
========================================================================
Received Import Request.
  Time since last request: 0.000147 seconds.
  path: 
  artifactKey: Guid(c65d3f2a65d2343b48d783014eb53de2) Importer(815301076,1909f56bfc062723c751e8b465ee728b)
Start importing  using Guid(c65d3f2a65d2343b48d783014eb53de2) Importer(815301076,1909f56bfc062723c751e8b465ee728b)  -> (artifact id: '00000000000000000000000000000000') in 0.000146 seconds  code(3) message(Unknown asset with GUID 'c65d3f2a65d2343b48d783014eb53de2')
  ERROR: Unknown asset with GUID 'c65d3f2a65d2343b48d783014eb53de2'
========================================================================
Received Import Request.
  Time since last request: 0.000250 seconds.
  path: 
  artifactKey: Guid(37a9199a9b537483992cf54c2b2d9a56) Importer(815301076,1909f56bfc062723c751e8b465ee728b)
Start importing  using Guid(37a9199a9b537483992cf54c2b2d9a56) Importer(815301076,1909f56bfc062723c751e8b465ee728b)  -> (artifact id: '00000000000000000000000000000000') in 0.000159 seconds  code(3) message(Unknown asset with GUID '37a9199a9b537483992cf54c2b2d9a56')
  ERROR: Unknown asset with GUID '37a9199a9b537483992cf54c2b2d9a56'
========================================================================
Received Import Request.
  Time since last request: 0.000166 seconds.
  path: 
  artifactKey: Guid(27f2e40c565284629aa4a682c481dfbe) Importer(815301076,1909f56bfc062723c751e8b465ee728b)
Start importing  using Guid(27f2e40c565284629aa4a682c481dfbe) Importer(815301076,1909f56bfc062723c751e8b465ee728b)  -> (artifact id: '00000000000000000000000000000000') in 0.000096 seconds  code(3) message(Unknown asset with GUID '27f2e40c565284629aa4a682c481dfbe')
  ERROR: Unknown asset with GUID '27f2e40c565284629aa4a682c481dfbe'
========================================================================
Received Import Request.
  Time since last request: 0.000125 seconds.
  path: 
  artifactKey: Guid(3db17273a89614070995355d6ccf3d9a) Importer(815301076,1909f56bfc062723c751e8b465ee728b)
Start importing  using Guid(3db17273a89614070995355d6ccf3d9a) Importer(815301076,1909f56bfc062723c751e8b465ee728b)  -> (artifact id: '00000000000000000000000000000000') in 0.000192 seconds  code(3) message(Unknown asset with GUID '3db17273a89614070995355d6ccf3d9a')
  ERROR: Unknown asset with GUID '3db17273a89614070995355d6ccf3d9a'
========================================================================
Received Import Request.
  Time since last request: 0.000135 seconds.
  path: 
  artifactKey: Guid(d9c43b72769f948708c1032233604c12) Importer(815301076,1909f56bfc062723c751e8b465ee728b)
Start importing  using Guid(d9c43b72769f948708c1032233604c12) Importer(815301076,1909f56bfc062723c751e8b465ee728b)  -> (artifact id: '00000000000000000000000000000000') in 0.000109 seconds  code(3) message(Unknown asset with GUID 'd9c43b72769f948708c1032233604c12')
  ERROR: Unknown asset with GUID 'd9c43b72769f948708c1032233604c12'
========================================================================
Received Import Request.
  Time since last request: 5.001394 seconds.
  path: Assets/Models/City_Models/Roads/road_bendSquare.obj
  artifactKey: Guid(da9bfb7df00f04b328e7b4717e92c27e) Importer(815301076,1909f56bfc062723c751e8b465ee728b)
Start importing Assets/Models/City_Models/Roads/road_bendSquare.obj using Guid(da9bfb7df00f04b328e7b4717e92c27e) Importer(815301076,1909f56bfc062723c751e8b465ee728b)  -> (artifact id: '00000000000000000000000000000000') in 0.083128 seconds  code(4) message(Build asset version error: assets/models/city_models/roads/road_bendsquare.obj.meta in SourceAssetDB has modification time of '2023-05-03T22:31:12Z' while content on disk has modification time of '2023-05-04T15:04:22Z')
  ERROR: Build asset version error: assets/models/city_models/roads/road_bendsquare.obj.meta in SourceAssetDB has modification time of '2023-05-03T22:31:12Z' while content on disk has modification time of '2023-05-04T15:04:22Z'
========================================================================
Received Prepare
Registering precompiled user dll's ...
Registered in 0.007098 seconds.
Begin MonoManager ReloadAssembly
Symbol file LoadedFromMemory doesn't match image /Users/imani/Desktop/game dev/dancingDK/dancingDK/Library/PackageCache/com.unity.visualscripting@1.8.0/Editor/VisualScripting.Core/Dependencies/YamlDotNet/Unity.VisualScripting.YamlDotNet.dll
Symbol file LoadedFromMemory doesn't match image /Users/imani/Desktop/game dev/dancingDK/dancingDK/Library/PackageCache/com.unity.visualscripting@1.8.0/Editor/VisualScripting.Core/Dependencies/DotNetZip/Unity.VisualScripting.IonicZip.dll
Native extension for OSXStandalone target not found
Refreshing native plugins compatible for Editor in 2.31 ms, found 2 plugins.
Preloading 0 native plugins for Editor in 0.00 ms.
Mono: successfully reloaded assembly
- Completed reload, in  5.566 seconds
Domain Reload Profiling:
	ReloadAssembly (5570ms)
		BeginReloadAssembly (1074ms)
			ExecutionOrderSort (0ms)
			DisableScriptedObjects (32ms)
			BackupInstance (0ms)
			ReleaseScriptingObjects (0ms)
			CreateAndSetChildDomain (470ms)
		EndReloadAssembly (3939ms)
			LoadAssemblies (598ms)
			RebuildTransferFunctionScriptingTraits (0ms)
			SetupTypeCache (1528ms)
			ReleaseScriptCaches (3ms)
			RebuildScriptCaches (218ms)
			SetupLoadedEditorAssemblies (1552ms)
				LogAssemblyErrors (0ms)
				InitializePlatformSupportModulesInManaged (41ms)
				SetLoadedEditorAssemblies (3ms)
				RefreshPlugins (3ms)
				BeforeProcessingInitializeOnLoad (229ms)
				ProcessInitializeOnLoadAttributes (1162ms)
				ProcessInitializeOnLoadMethodAttributes (105ms)
				AfterProcessingInitializeOnLoad (9ms)
				EditorAssembliesLoaded (1ms)
			ExecutionOrderSort2 (0ms)
			AwakeInstancesAfterBackupRestoration (20ms)
Platform modules already initialized, skipping
Refreshing native plugins compatible for Editor in 6.04 ms, found 2 plugins.
Preloading 0 native plugins for Editor in 0.00 ms.
Unloading 3123 Unused Serialized files (Serialized files now loaded: 0)
Unloading 17 unused Assets / (64.6 KB). Loaded Objects now: 3682.
Memory consumption went from 120.8 MB to 120.7 MB.
Total: 9.634052 ms (FindLiveObjects: 0.562492 ms CreateObjectMapping: 0.436336 ms MarkObjects: 8.340915 ms  DeleteObjects: 0.291373 ms)

AssetImportParameters requested are different than current active one (requested -> active):
  custom:video-decoder-ogg-theora: a1e56fd34408186e4bbccfd4996cb3dc -> 
  custom:container-muxer-webm: aa71ff27fc2769a1b78a27578f13a17b -> 
  custom:container-demuxer-webm: 4f35f7cbe854078d1ac9338744f61a02 -> 
  custom:video-encoder-webm-vp8: eb34c28f22e8b96e1ab97ce403110664 -> 
  custom:framework-osx-AVFoundation: e770b220cccbd017edd2c1fefb359320 -> 
  custom:audio-encoder-webm-vorbis: bf7c407c2cedff20999df2af8eb42d56 -> 
  custom:container-demuxer-ogg: 62fdf1f143b41e24485cea50d1cbac27 -> 
  custom:video-decoder-webm-vp8: 9c59270c3fd7afecdb556c50c9e8de78 -> 
  custom:audio-decoder-ogg-vorbis: bf7c407c2cedff20999df2af8eb42d56 -> 
========================================================================
Received Import Request.
  Time since last request: 86.743802 seconds.
  path: 
  artifactKey: Guid(3a24914ec87354eedab79c33eb84f062) Importer(815301076,1909f56bfc062723c751e8b465ee728b)
Start importing  using Guid(3a24914ec87354eedab79c33eb84f062) Importer(815301076,1909f56bfc062723c751e8b465ee728b)  -> (artifact id: '00000000000000000000000000000000') in 0.000101 seconds  code(3) message(Unknown asset with GUID '3a24914ec87354eedab79c33eb84f062')
  ERROR: Unknown asset with GUID '3a24914ec87354eedab79c33eb84f062'
========================================================================
Received Import Request.
  Time since last request: 8.104698 seconds.
  path: Assets/Prefabs/Cube.prefab
  artifactKey: Guid(c9b1bd2b1a954448ea9dbd1ed97f099f) Importer(815301076,1909f56bfc062723c751e8b465ee728b)
Start importing Assets/Prefabs/Cube.prefab using Guid(c9b1bd2b1a954448ea9dbd1ed97f099f) Importer(815301076,1909f56bfc062723c751e8b465ee728b)  -> (artifact id: '389d3d33627cfd9f8be5e5a1885f14ab') in 0.113424 seconds 
========================================================================
Received Prepare
Registering precompiled user dll's ...
Registered in 0.005047 seconds.
Begin MonoManager ReloadAssembly
Symbol file LoadedFromMemory doesn't match image /Users/imani/Desktop/game dev/dancingDK/dancingDK/Library/PackageCache/com.unity.visualscripting@1.8.0/Editor/VisualScripting.Core/Dependencies/YamlDotNet/Unity.VisualScripting.YamlDotNet.dll
Symbol file LoadedFromMemory doesn't match image /Users/imani/Desktop/game dev/dancingDK/dancingDK/Library/PackageCache/com.unity.visualscripting@1.8.0/Editor/VisualScripting.Core/Dependencies/DotNetZip/Unity.VisualScripting.IonicZip.dll
Native extension for OSXStandalone target not found
Refreshing native plugins compatible for Editor in 1.50 ms, found 2 plugins.
Preloading 0 native plugins for Editor in 0.00 ms.
Mono: successfully reloaded assembly
- Completed reload, in  4.386 seconds
Domain Reload Profiling:
	ReloadAssembly (4390ms)
		BeginReloadAssembly (560ms)
			ExecutionOrderSort (0ms)
			DisableScriptedObjects (48ms)
			BackupInstance (0ms)
			ReleaseScriptingObjects (0ms)
			CreateAndSetChildDomain (265ms)
		EndReloadAssembly (3416ms)
			LoadAssemblies (213ms)
			RebuildTransferFunctionScriptingTraits (0ms)
			SetupTypeCache (1285ms)
			ReleaseScriptCaches (3ms)
			RebuildScriptCaches (222ms)
			SetupLoadedEditorAssemblies (1427ms)
				LogAssemblyErrors (0ms)
				InitializePlatformSupportModulesInManaged (35ms)
				SetLoadedEditorAssemblies (2ms)
				RefreshPlugins (2ms)
				BeforeProcessingInitializeOnLoad (217ms)
				ProcessInitializeOnLoadAttributes (1059ms)
				ProcessInitializeOnLoadMethodAttributes (104ms)
				AfterProcessingInitializeOnLoad (7ms)
				EditorAssembliesLoaded (1ms)
			ExecutionOrderSort2 (0ms)
			AwakeInstancesAfterBackupRestoration (19ms)
Platform modules already initialized, skipping
Refreshing native plugins compatible for Editor in 3.74 ms, found 2 plugins.
Preloading 0 native plugins for Editor in 0.00 ms.
Unloading 3123 Unused Serialized files (Serialized files now loaded: 0)
Unloading 17 unused Assets / (64.6 KB). Loaded Objects now: 3685.
Memory consumption went from 120.8 MB to 120.7 MB.
Total: 4.606628 ms (FindLiveObjects: 0.331635 ms CreateObjectMapping: 0.160301 ms MarkObjects: 3.908942 ms  DeleteObjects: 0.204100 ms)

AssetImportParameters requested are different than current active one (requested -> active):
  custom:video-decoder-ogg-theora: a1e56fd34408186e4bbccfd4996cb3dc -> 
  custom:container-muxer-webm: aa71ff27fc2769a1b78a27578f13a17b -> 
  custom:container-demuxer-webm: 4f35f7cbe854078d1ac9338744f61a02 -> 
  custom:video-encoder-webm-vp8: eb34c28f22e8b96e1ab97ce403110664 -> 
  custom:framework-osx-AVFoundation: e770b220cccbd017edd2c1fefb359320 -> 
  custom:audio-encoder-webm-vorbis: bf7c407c2cedff20999df2af8eb42d56 -> 
  custom:container-demuxer-ogg: 62fdf1f143b41e24485cea50d1cbac27 -> 
  custom:video-decoder-webm-vp8: 9c59270c3fd7afecdb556c50c9e8de78 -> 
  custom:audio-decoder-ogg-vorbis: bf7c407c2cedff20999df2af8eb42d56 -> 
========================================================================
Received Import Request.
  Time since last request: 127.165781 seconds.
  path: 
  artifactKey: Guid(71084b4723d5f4c3ab90ca9c4c4fcfeb) Importer(815301076,1909f56bfc062723c751e8b465ee728b)
Start importing  using Guid(71084b4723d5f4c3ab90ca9c4c4fcfeb) Importer(815301076,1909f56bfc062723c751e8b465ee728b)  -> (artifact id: '00000000000000000000000000000000') in 0.000146 seconds  code(3) message(Unknown asset with GUID '71084b4723d5f4c3ab90ca9c4c4fcfeb')
  ERROR: Unknown asset with GUID '71084b4723d5f4c3ab90ca9c4c4fcfeb'
========================================================================
Received Import Request.
  Time since last request: 44.516975 seconds.
  path: 
  artifactKey: Guid(71084b4723d5f4c3ab90ca9c4c4fcfeb) Importer(815301076,1909f56bfc062723c751e8b465ee728b)
Start importing  using Guid(71084b4723d5f4c3ab90ca9c4c4fcfeb) Importer(815301076,1909f56bfc062723c751e8b465ee728b)  -> (artifact id: '00000000000000000000000000000000') in 0.000085 seconds  code(3) message(Unknown asset with GUID '71084b4723d5f4c3ab90ca9c4c4fcfeb')
  ERROR: Unknown asset with GUID '71084b4723d5f4c3ab90ca9c4c4fcfeb'
========================================================================
Received Import Request.
  Time since last request: 89.653239 seconds.
  path: 
  artifactKey: Guid(71084b4723d5f4c3ab90ca9c4c4fcfeb) Importer(815301076,1909f56bfc062723c751e8b465ee728b)
Start importing  using Guid(71084b4723d5f4c3ab90ca9c4c4fcfeb) Importer(815301076,1909f56bfc062723c751e8b465ee728b)  -> (artifact id: '00000000000000000000000000000000') in 0.000088 seconds  code(3) message(Unknown asset with GUID '71084b4723d5f4c3ab90ca9c4c4fcfeb')
  ERROR: Unknown asset with GUID '71084b4723d5f4c3ab90ca9c4c4fcfeb'
========================================================================
Received Prepare
Registering precompiled user dll's ...
Registered in 0.007989 seconds.
Begin MonoManager ReloadAssembly
Symbol file LoadedFromMemory doesn't match image /Users/imani/Desktop/game dev/dancingDK/dancingDK/Library/PackageCache/com.unity.visualscripting@1.8.0/Editor/VisualScripting.Core/Dependencies/YamlDotNet/Unity.VisualScripting.YamlDotNet.dll
Symbol file LoadedFromMemory doesn't match image /Users/imani/Desktop/game dev/dancingDK/dancingDK/Library/PackageCache/com.unity.visualscripting@1.8.0/Editor/VisualScripting.Core/Dependencies/DotNetZip/Unity.VisualScripting.IonicZip.dll
Native extension for OSXStandalone target not found
Refreshing native plugins compatible for Editor in 1.57 ms, found 2 plugins.
Preloading 0 native plugins for Editor in 0.00 ms.
Mono: successfully reloaded assembly
- Completed reload, in  4.595 seconds
Domain Reload Profiling:
	ReloadAssembly (4597ms)
		BeginReloadAssembly (595ms)
			ExecutionOrderSort (0ms)
			DisableScriptedObjects (27ms)
			BackupInstance (0ms)
			ReleaseScriptingObjects (0ms)
			CreateAndSetChildDomain (211ms)
		EndReloadAssembly (3699ms)
			LoadAssemblies (390ms)
			RebuildTransferFunctionScriptingTraits (0ms)
			SetupTypeCache (1385ms)
			ReleaseScriptCaches (3ms)
			RebuildScriptCaches (252ms)
			SetupLoadedEditorAssemblies (1486ms)
				LogAssemblyErrors (0ms)
				InitializePlatformSupportModulesInManaged (40ms)
				SetLoadedEditorAssemblies (2ms)
				RefreshPlugins (2ms)
				BeforeProcessingInitializeOnLoad (211ms)
				ProcessInitializeOnLoadAttributes (1114ms)
				ProcessInitializeOnLoadMethodAttributes (110ms)
				AfterProcessingInitializeOnLoad (7ms)
				EditorAssembliesLoaded (1ms)
			ExecutionOrderSort2 (0ms)
			AwakeInstancesAfterBackupRestoration (20ms)
Platform modules already initialized, skipping
Refreshing native plugins compatible for Editor in 5.57 ms, found 2 plugins.
Preloading 0 native plugins for Editor in 0.00 ms.
Unloading 3123 Unused Serialized files (Serialized files now loaded: 0)
Unloading 17 unused Assets / (64.7 KB). Loaded Objects now: 3688.
Memory consumption went from 120.8 MB to 120.7 MB.
Total: 9.954165 ms (FindLiveObjects: 0.466250 ms CreateObjectMapping: 0.267960 ms MarkObjects: 8.699875 ms  DeleteObjects: 0.517343 ms)

AssetImportParameters requested are different than current active one (requested -> active):
  custom:video-decoder-ogg-theora: a1e56fd34408186e4bbccfd4996cb3dc -> 
  custom:container-muxer-webm: aa71ff27fc2769a1b78a27578f13a17b -> 
  custom:container-demuxer-webm: 4f35f7cbe854078d1ac9338744f61a02 -> 
  custom:video-encoder-webm-vp8: eb34c28f22e8b96e1ab97ce403110664 -> 
  custom:framework-osx-AVFoundation: e770b220cccbd017edd2c1fefb359320 -> 
  custom:audio-encoder-webm-vorbis: bf7c407c2cedff20999df2af8eb42d56 -> 
  custom:container-demuxer-ogg: 62fdf1f143b41e24485cea50d1cbac27 -> 
  custom:video-decoder-webm-vp8: 9c59270c3fd7afecdb556c50c9e8de78 -> 
  custom:audio-decoder-ogg-vorbis: bf7c407c2cedff20999df2af8eb42d56 -> 
========================================================================
Received Import Request.
  Time since last request: 16.033038 seconds.
  path: 
  artifactKey: Guid(71084b4723d5f4c3ab90ca9c4c4fcfeb) Importer(815301076,1909f56bfc062723c751e8b465ee728b)
Start importing  using Guid(71084b4723d5f4c3ab90ca9c4c4fcfeb) Importer(815301076,1909f56bfc062723c751e8b465ee728b)  -> (artifact id: '00000000000000000000000000000000') in 0.000153 seconds  code(3) message(Unknown asset with GUID '71084b4723d5f4c3ab90ca9c4c4fcfeb')
  ERROR: Unknown asset with GUID '71084b4723d5f4c3ab90ca9c4c4fcfeb'
========================================================================
Received Import Request.
  Time since last request: 10.909494 seconds.
  path: 
  artifactKey: Guid(71084b4723d5f4c3ab90ca9c4c4fcfeb) Importer(815301076,1909f56bfc062723c751e8b465ee728b)
Start importing  using Guid(71084b4723d5f4c3ab90ca9c4c4fcfeb) Importer(815301076,1909f56bfc062723c751e8b465ee728b)  -> (artifact id: '00000000000000000000000000000000') in 0.000116 seconds  code(3) message(Unknown asset with GUID '71084b4723d5f4c3ab90ca9c4c4fcfeb')
  ERROR: Unknown asset with GUID '71084b4723d5f4c3ab90ca9c4c4fcfeb'
========================================================================
Received Prepare
Registering precompiled user dll's ...
Registered in 0.005727 seconds.
Begin MonoManager ReloadAssembly
Symbol file LoadedFromMemory doesn't match image /Users/imani/Desktop/game dev/dancingDK/dancingDK/Library/PackageCache/com.unity.visualscripting@1.8.0/Editor/VisualScripting.Core/Dependencies/YamlDotNet/Unity.VisualScripting.YamlDotNet.dll
Symbol file LoadedFromMemory doesn't match image /Users/imani/Desktop/game dev/dancingDK/dancingDK/Library/PackageCache/com.unity.visualscripting@1.8.0/Editor/VisualScripting.Core/Dependencies/DotNetZip/Unity.VisualScripting.IonicZip.dll
Native extension for OSXStandalone target not found
Refreshing native plugins compatible for Editor in 1.16 ms, found 2 plugins.
Preloading 0 native plugins for Editor in 0.00 ms.
Mono: successfully reloaded assembly
- Completed reload, in  4.409 seconds
Domain Reload Profiling:
	ReloadAssembly (4412ms)
		BeginReloadAssembly (569ms)
			ExecutionOrderSort (0ms)
			DisableScriptedObjects (19ms)
			BackupInstance (0ms)
			ReleaseScriptingObjects (0ms)
			CreateAndSetChildDomain (206ms)
		EndReloadAssembly (3409ms)
			LoadAssemblies (430ms)
			RebuildTransferFunctionScriptingTraits (0ms)
			SetupTypeCache (1031ms)
			ReleaseScriptCaches (3ms)
			RebuildScriptCaches (173ms)
			SetupLoadedEditorAssemblies (1630ms)
				LogAssemblyErrors (0ms)
				InitializePlatformSupportModulesInManaged (52ms)
				SetLoadedEditorAssemblies (2ms)
				RefreshPlugins (1ms)
				BeforeProcessingInitializeOnLoad (199ms)
				ProcessInitializeOnLoadAttributes (1129ms)
				ProcessInitializeOnLoadMethodAttributes (231ms)
				AfterProcessingInitializeOnLoad (14ms)
				EditorAssembliesLoaded (0ms)
			ExecutionOrderSort2 (0ms)
			AwakeInstancesAfterBackupRestoration (17ms)
Platform modules already initialized, skipping
Refreshing native plugins compatible for Editor in 3.71 ms, found 2 plugins.
Preloading 0 native plugins for Editor in 0.00 ms.
Unloading 3123 Unused Serialized files (Serialized files now loaded: 0)
Unloading 17 unused Assets / (64.7 KB). Loaded Objects now: 3691.
Memory consumption went from 120.8 MB to 120.8 MB.
Total: 6.375498 ms (FindLiveObjects: 0.303521 ms CreateObjectMapping: 0.487161 ms MarkObjects: 5.407168 ms  DeleteObjects: 0.176117 ms)

AssetImportParameters requested are different than current active one (requested -> active):
  custom:video-decoder-ogg-theora: a1e56fd34408186e4bbccfd4996cb3dc -> 
  custom:container-muxer-webm: aa71ff27fc2769a1b78a27578f13a17b -> 
  custom:container-demuxer-webm: 4f35f7cbe854078d1ac9338744f61a02 -> 
  custom:video-encoder-webm-vp8: eb34c28f22e8b96e1ab97ce403110664 -> 
  custom:framework-osx-AVFoundation: e770b220cccbd017edd2c1fefb359320 -> 
  custom:audio-encoder-webm-vorbis: bf7c407c2cedff20999df2af8eb42d56 -> 
  custom:container-demuxer-ogg: 62fdf1f143b41e24485cea50d1cbac27 -> 
  custom:video-decoder-webm-vp8: 9c59270c3fd7afecdb556c50c9e8de78 -> 
  custom:audio-decoder-ogg-vorbis: bf7c407c2cedff20999df2af8eb42d56 -> 
========================================================================
Received Prepare
Registering precompiled user dll's ...
Registered in 0.006837 seconds.
Begin MonoManager ReloadAssembly
Symbol file LoadedFromMemory doesn't match image /Users/imani/Desktop/game dev/dancingDK/dancingDK/Library/PackageCache/com.unity.visualscripting@1.8.0/Editor/VisualScripting.Core/Dependencies/YamlDotNet/Unity.VisualScripting.YamlDotNet.dll
Symbol file LoadedFromMemory doesn't match image /Users/imani/Desktop/game dev/dancingDK/dancingDK/Library/PackageCache/com.unity.visualscripting@1.8.0/Editor/VisualScripting.Core/Dependencies/DotNetZip/Unity.VisualScripting.IonicZip.dll
Native extension for OSXStandalone target not found
Refreshing native plugins compatible for Editor in 1.01 ms, found 2 plugins.
Preloading 0 native plugins for Editor in 0.00 ms.
Mono: successfully reloaded assembly
- Completed reload, in  3.301 seconds
Domain Reload Profiling:
	ReloadAssembly (3305ms)
		BeginReloadAssembly (358ms)
			ExecutionOrderSort (0ms)
			DisableScriptedObjects (19ms)
			BackupInstance (0ms)
			ReleaseScriptingObjects (0ms)
			CreateAndSetChildDomain (148ms)
		EndReloadAssembly (2659ms)
			LoadAssemblies (170ms)
			RebuildTransferFunctionScriptingTraits (0ms)
			SetupTypeCache (898ms)
			ReleaseScriptCaches (3ms)
			RebuildScriptCaches (171ms)
			SetupLoadedEditorAssemblies (1191ms)
				LogAssemblyErrors (0ms)
				InitializePlatformSupportModulesInManaged (31ms)
				SetLoadedEditorAssemblies (2ms)
				RefreshPlugins (1ms)
				BeforeProcessingInitializeOnLoad (179ms)
				ProcessInitializeOnLoadAttributes (870ms)
				ProcessInitializeOnLoadMethodAttributes (101ms)
				AfterProcessingInitializeOnLoad (6ms)
				EditorAssembliesLoaded (0ms)
			ExecutionOrderSort2 (0ms)
			AwakeInstancesAfterBackupRestoration (18ms)
Platform modules already initialized, skipping
Refreshing native plugins compatible for Editor in 3.26 ms, found 2 plugins.
Preloading 0 native plugins for Editor in 0.00 ms.
Unloading 3123 Unused Serialized files (Serialized files now loaded: 0)
Unloading 17 unused Assets / (64.7 KB). Loaded Objects now: 3694.
Memory consumption went from 120.8 MB to 120.8 MB.
Total: 6.837133 ms (FindLiveObjects: 0.502236 ms CreateObjectMapping: 0.240727 ms MarkObjects: 5.884195 ms  DeleteObjects: 0.208077 ms)

AssetImportParameters requested are different than current active one (requested -> active):
  custom:video-decoder-ogg-theora: a1e56fd34408186e4bbccfd4996cb3dc -> 
  custom:container-muxer-webm: aa71ff27fc2769a1b78a27578f13a17b -> 
  custom:container-demuxer-webm: 4f35f7cbe854078d1ac9338744f61a02 -> 
  custom:video-encoder-webm-vp8: eb34c28f22e8b96e1ab97ce403110664 -> 
  custom:framework-osx-AVFoundation: e770b220cccbd017edd2c1fefb359320 -> 
  custom:audio-encoder-webm-vorbis: bf7c407c2cedff20999df2af8eb42d56 -> 
  custom:container-demuxer-ogg: 62fdf1f143b41e24485cea50d1cbac27 -> 
  custom:video-decoder-webm-vp8: 9c59270c3fd7afecdb556c50c9e8de78 -> 
  custom:audio-decoder-ogg-vorbis: bf7c407c2cedff20999df2af8eb42d56 -> 
========================================================================
Received Prepare
Registering precompiled user dll's ...
Registered in 0.008983 seconds.
Begin MonoManager ReloadAssembly
Symbol file LoadedFromMemory doesn't match image /Users/imani/Desktop/game dev/dancingDK/dancingDK/Library/PackageCache/com.unity.visualscripting@1.8.0/Editor/VisualScripting.Core/Dependencies/YamlDotNet/Unity.VisualScripting.YamlDotNet.dll
Symbol file LoadedFromMemory doesn't match image /Users/imani/Desktop/game dev/dancingDK/dancingDK/Library/PackageCache/com.unity.visualscripting@1.8.0/Editor/VisualScripting.Core/Dependencies/DotNetZip/Unity.VisualScripting.IonicZip.dll
Native extension for OSXStandalone target not found
Refreshing native plugins compatible for Editor in 1.28 ms, found 2 plugins.
Preloading 0 native plugins for Editor in 0.00 ms.
Mono: successfully reloaded assembly
- Completed reload, in  3.749 seconds
Domain Reload Profiling:
	ReloadAssembly (3752ms)
		BeginReloadAssembly (411ms)
			ExecutionOrderSort (0ms)
			DisableScriptedObjects (19ms)
			BackupInstance (0ms)
			ReleaseScriptingObjects (0ms)
			CreateAndSetChildDomain (203ms)
		EndReloadAssembly (3025ms)
			LoadAssemblies (171ms)
			RebuildTransferFunctionScriptingTraits (0ms)
			SetupTypeCache (951ms)
			ReleaseScriptCaches (4ms)
			RebuildScriptCaches (207ms)
			SetupLoadedEditorAssemblies (1422ms)
				LogAssemblyErrors (0ms)
				InitializePlatformSupportModulesInManaged (34ms)
				SetLoadedEditorAssemblies (1ms)
				RefreshPlugins (1ms)
				BeforeProcessingInitializeOnLoad (188ms)
				ProcessInitializeOnLoadAttributes (1031ms)
				ProcessInitializeOnLoadMethodAttributes (155ms)
				AfterProcessingInitializeOnLoad (10ms)
				EditorAssembliesLoaded (1ms)
			ExecutionOrderSort2 (0ms)
			AwakeInstancesAfterBackupRestoration (27ms)
Platform modules already initialized, skipping
Refreshing native plugins compatible for Editor in 4.70 ms, found 2 plugins.
Preloading 0 native plugins for Editor in 0.00 ms.
Unloading 3123 Unused Serialized files (Serialized files now loaded: 0)
Unloading 17 unused Assets / (64.8 KB). Loaded Objects now: 3697.
Memory consumption went from 120.8 MB to 120.8 MB.
Total: 15.245199 ms (FindLiveObjects: 0.582276 ms CreateObjectMapping: 0.710861 ms MarkObjects: 13.454170 ms  DeleteObjects: 0.494249 ms)

AssetImportParameters requested are different than current active one (requested -> active):
  custom:video-decoder-ogg-theora: a1e56fd34408186e4bbccfd4996cb3dc -> 
  custom:container-muxer-webm: aa71ff27fc2769a1b78a27578f13a17b -> 
  custom:container-demuxer-webm: 4f35f7cbe854078d1ac9338744f61a02 -> 
  custom:video-encoder-webm-vp8: eb34c28f22e8b96e1ab97ce403110664 -> 
  custom:framework-osx-AVFoundation: e770b220cccbd017edd2c1fefb359320 -> 
  custom:audio-encoder-webm-vorbis: bf7c407c2cedff20999df2af8eb42d56 -> 
  custom:container-demuxer-ogg: 62fdf1f143b41e24485cea50d1cbac27 -> 
  custom:video-decoder-webm-vp8: 9c59270c3fd7afecdb556c50c9e8de78 -> 
  custom:audio-decoder-ogg-vorbis: bf7c407c2cedff20999df2af8eb42d56 -> 
========================================================================
Received Prepare
Registering precompiled user dll's ...
Registered in 0.005710 seconds.
Begin MonoManager ReloadAssembly
Symbol file LoadedFromMemory doesn't match image /Users/imani/Desktop/game dev/dancingDK/dancingDK/Library/PackageCache/com.unity.visualscripting@1.8.0/Editor/VisualScripting.Core/Dependencies/YamlDotNet/Unity.VisualScripting.YamlDotNet.dll
Symbol file LoadedFromMemory doesn't match image /Users/imani/Desktop/game dev/dancingDK/dancingDK/Library/PackageCache/com.unity.visualscripting@1.8.0/Editor/VisualScripting.Core/Dependencies/DotNetZip/Unity.VisualScripting.IonicZip.dll
Native extension for OSXStandalone target not found
Refreshing native plugins compatible for Editor in 2.13 ms, found 2 plugins.
Preloading 0 native plugins for Editor in 0.00 ms.
Mono: successfully reloaded assembly
- Completed reload, in  2.597 seconds
Domain Reload Profiling:
	ReloadAssembly (2599ms)
		BeginReloadAssembly (241ms)
			ExecutionOrderSort (0ms)
			DisableScriptedObjects (13ms)
			BackupInstance (0ms)
			ReleaseScriptingObjects (0ms)
			CreateAndSetChildDomain (97ms)
		EndReloadAssembly (2135ms)
			LoadAssemblies (107ms)
			RebuildTransferFunctionScriptingTraits (0ms)
			SetupTypeCache (568ms)
			ReleaseScriptCaches (3ms)
			RebuildScriptCaches (139ms)
			SetupLoadedEditorAssemblies (1098ms)
				LogAssemblyErrors (0ms)
				InitializePlatformSupportModulesInManaged (24ms)
				SetLoadedEditorAssemblies (1ms)
				RefreshPlugins (2ms)
				BeforeProcessingInitializeOnLoad (156ms)
				ProcessInitializeOnLoadAttributes (811ms)
				ProcessInitializeOnLoadMethodAttributes (97ms)
				AfterProcessingInitializeOnLoad (7ms)
				EditorAssembliesLoaded (0ms)
			ExecutionOrderSort2 (0ms)
			AwakeInstancesAfterBackupRestoration (28ms)
Platform modules already initialized, skipping
Refreshing native plugins compatible for Editor in 2.08 ms, found 2 plugins.
Preloading 0 native plugins for Editor in 0.00 ms.
Unloading 3123 Unused Serialized files (Serialized files now loaded: 0)
Unloading 17 unused Assets / (64.6 KB). Loaded Objects now: 3700.
Memory consumption went from 120.8 MB to 120.8 MB.
Total: 6.251020 ms (FindLiveObjects: 0.322996 ms CreateObjectMapping: 0.180000 ms MarkObjects: 5.540690 ms  DeleteObjects: 0.197480 ms)

AssetImportParameters requested are different than current active one (requested -> active):
  custom:video-decoder-ogg-theora: a1e56fd34408186e4bbccfd4996cb3dc -> 
  custom:container-muxer-webm: aa71ff27fc2769a1b78a27578f13a17b -> 
  custom:container-demuxer-webm: 4f35f7cbe854078d1ac9338744f61a02 -> 
  custom:video-encoder-webm-vp8: eb34c28f22e8b96e1ab97ce403110664 -> 
  custom:framework-osx-AVFoundation: e770b220cccbd017edd2c1fefb359320 -> 
  custom:audio-encoder-webm-vorbis: bf7c407c2cedff20999df2af8eb42d56 -> 
  custom:container-demuxer-ogg: 62fdf1f143b41e24485cea50d1cbac27 -> 
  custom:video-decoder-webm-vp8: 9c59270c3fd7afecdb556c50c9e8de78 -> 
  custom:audio-decoder-ogg-vorbis: bf7c407c2cedff20999df2af8eb42d56 -> 
========================================================================
Received Import Request.
  Time since last request: 115.188144 seconds.
  path: 
  artifactKey: Guid(71084b4723d5f4c3ab90ca9c4c4fcfeb) Importer(815301076,1909f56bfc062723c751e8b465ee728b)
Start importing  using Guid(71084b4723d5f4c3ab90ca9c4c4fcfeb) Importer(815301076,1909f56bfc062723c751e8b465ee728b)  -> (artifact id: '00000000000000000000000000000000') in 0.000210 seconds  code(3) message(Unknown asset with GUID '71084b4723d5f4c3ab90ca9c4c4fcfeb')
  ERROR: Unknown asset with GUID '71084b4723d5f4c3ab90ca9c4c4fcfeb'
========================================================================
Received Prepare
Registering precompiled user dll's ...
Registered in 0.005669 seconds.
Begin MonoManager ReloadAssembly
Symbol file LoadedFromMemory doesn't match image /Users/imani/Desktop/game dev/dancingDK/dancingDK/Library/PackageCache/com.unity.visualscripting@1.8.0/Editor/VisualScripting.Core/Dependencies/YamlDotNet/Unity.VisualScripting.YamlDotNet.dll
Symbol file LoadedFromMemory doesn't match image /Users/imani/Desktop/game dev/dancingDK/dancingDK/Library/PackageCache/com.unity.visualscripting@1.8.0/Editor/VisualScripting.Core/Dependencies/DotNetZip/Unity.VisualScripting.IonicZip.dll
Native extension for OSXStandalone target not found
Refreshing native plugins compatible for Editor in 1.29 ms, found 2 plugins.
Preloading 0 native plugins for Editor in 0.00 ms.
Mono: successfully reloaded assembly
- Completed reload, in  2.896 seconds
Domain Reload Profiling:
	ReloadAssembly (2898ms)
		BeginReloadAssembly (252ms)
			ExecutionOrderSort (0ms)
			DisableScriptedObjects (13ms)
			BackupInstance (0ms)
			ReleaseScriptingObjects (0ms)
			CreateAndSetChildDomain (93ms)
		EndReloadAssembly (2408ms)
			LoadAssemblies (132ms)
			RebuildTransferFunctionScriptingTraits (0ms)
			SetupTypeCache (693ms)
			ReleaseScriptCaches (2ms)
			RebuildScriptCaches (163ms)
			SetupLoadedEditorAssemblies (1208ms)
				LogAssemblyErrors (0ms)
				InitializePlatformSupportModulesInManaged (32ms)
				SetLoadedEditorAssemblies (2ms)
				RefreshPlugins (1ms)
				BeforeProcessingInitializeOnLoad (195ms)
				ProcessInitializeOnLoadAttributes (900ms)
				ProcessInitializeOnLoadMethodAttributes (71ms)
				AfterProcessingInitializeOnLoad (6ms)
				EditorAssembliesLoaded (1ms)
			ExecutionOrderSort2 (0ms)
			AwakeInstancesAfterBackupRestoration (12ms)
Platform modules already initialized, skipping
Refreshing native plugins compatible for Editor in 2.66 ms, found 2 plugins.
Preloading 0 native plugins for Editor in 0.00 ms.
Unloading 3123 Unused Serialized files (Serialized files now loaded: 0)
Unloading 17 unused Assets / (64.6 KB). Loaded Objects now: 3703.
Memory consumption went from 120.9 MB to 120.8 MB.
Total: 10.670107 ms (FindLiveObjects: 0.437124 ms CreateObjectMapping: 0.251098 ms MarkObjects: 9.754000 ms  DeleteObjects: 0.225806 ms)

AssetImportParameters requested are different than current active one (requested -> active):
  custom:video-decoder-ogg-theora: a1e56fd34408186e4bbccfd4996cb3dc -> 
  custom:container-muxer-webm: aa71ff27fc2769a1b78a27578f13a17b -> 
  custom:container-demuxer-webm: 4f35f7cbe854078d1ac9338744f61a02 -> 
  custom:video-encoder-webm-vp8: eb34c28f22e8b96e1ab97ce403110664 -> 
  custom:framework-osx-AVFoundation: e770b220cccbd017edd2c1fefb359320 -> 
  custom:audio-encoder-webm-vorbis: bf7c407c2cedff20999df2af8eb42d56 -> 
  custom:container-demuxer-ogg: 62fdf1f143b41e24485cea50d1cbac27 -> 
  custom:video-decoder-webm-vp8: 9c59270c3fd7afecdb556c50c9e8de78 -> 
  custom:audio-decoder-ogg-vorbis: bf7c407c2cedff20999df2af8eb42d56 -> 
========================================================================
Received Import Request.
  Time since last request: 244.808380 seconds.
  path: 
  artifactKey: Guid(01c1521b6d2ee45eda8708f069a12bc6) Importer(815301076,1909f56bfc062723c751e8b465ee728b)
Start importing  using Guid(01c1521b6d2ee45eda8708f069a12bc6) Importer(815301076,1909f56bfc062723c751e8b465ee728b)  -> (artifact id: '00000000000000000000000000000000') in 0.000105 seconds  code(3) message(Unknown asset with GUID '01c1521b6d2ee45eda8708f069a12bc6')
  ERROR: Unknown asset with GUID '01c1521b6d2ee45eda8708f069a12bc6'
========================================================================
Received Import Request.
  Time since last request: 0.000195 seconds.
  path: Assets/Models/City_Models/Roads/road_bendSquare.obj
  artifactKey: Guid(da9bfb7df00f04b328e7b4717e92c27e) Importer(815301076,1909f56bfc062723c751e8b465ee728b)
Start importing Assets/Models/City_Models/Roads/road_bendSquare.obj using Guid(da9bfb7df00f04b328e7b4717e92c27e) Importer(815301076,1909f56bfc062723c751e8b465ee728b)  -> (artifact id: '00000000000000000000000000000000') in 0.349820 seconds  code(4) message(Build asset version error: assets/models/city_models/roads/road_bendsquare.obj.meta in SourceAssetDB has modification time of '2023-05-03T22:31:12Z' while content on disk has modification time of '2023-05-04T15:04:22Z')
  ERROR: Build asset version error: assets/models/city_models/roads/road_bendsquare.obj.meta in SourceAssetDB has modification time of '2023-05-03T22:31:12Z' while content on disk has modification time of '2023-05-04T15:04:22Z'
========================================================================
Received Import Request.
  Time since last request: 2.522523 seconds.
  path: Assets/Models/City_Models/Roads/road_straightBarrier.obj
  artifactKey: Guid(7e9807d5c906e4dae821e7108a756772) Importer(815301076,1909f56bfc062723c751e8b465ee728b)
Start importing Assets/Models/City_Models/Roads/road_straightBarrier.obj using Guid(7e9807d5c906e4dae821e7108a756772) Importer(815301076,1909f56bfc062723c751e8b465ee728b)  -> (artifact id: '00000000000000000000000000000000') in 0.072142 seconds  code(4) message(Build asset version error: assets/models/city_models/roads/road_straightbarrier.obj.meta in SourceAssetDB has modification time of '2023-05-03T22:31:13Z' while content on disk has modification time of '2023-05-04T15:19:03Z')
  ERROR: Build asset version error: assets/models/city_models/roads/road_straightbarrier.obj.meta in SourceAssetDB has modification time of '2023-05-03T22:31:13Z' while content on disk has modification time of '2023-05-04T15:19:03Z'
========================================================================
Received Import Request.
  Time since last request: 51.525123 seconds.
  path: 
  artifactKey: Guid(71084b4723d5f4c3ab90ca9c4c4fcfeb) Importer(815301076,1909f56bfc062723c751e8b465ee728b)
Start importing  using Guid(71084b4723d5f4c3ab90ca9c4c4fcfeb) Importer(815301076,1909f56bfc062723c751e8b465ee728b)  -> (artifact id: '00000000000000000000000000000000') in 0.000122 seconds  code(3) message(Unknown asset with GUID '71084b4723d5f4c3ab90ca9c4c4fcfeb')
  ERROR: Unknown asset with GUID '71084b4723d5f4c3ab90ca9c4c4fcfeb'
========================================================================
Received Prepare
Registering precompiled user dll's ...
Registered in 0.009160 seconds.
Begin MonoManager ReloadAssembly
Symbol file LoadedFromMemory doesn't match image /Users/imani/Desktop/game dev/dancingDK/dancingDK/Library/PackageCache/com.unity.visualscripting@1.8.0/Editor/VisualScripting.Core/Dependencies/YamlDotNet/Unity.VisualScripting.YamlDotNet.dll
Symbol file LoadedFromMemory doesn't match image /Users/imani/Desktop/game dev/dancingDK/dancingDK/Library/PackageCache/com.unity.visualscripting@1.8.0/Editor/VisualScripting.Core/Dependencies/DotNetZip/Unity.VisualScripting.IonicZip.dll
Native extension for OSXStandalone target not found
Refreshing native plugins compatible for Editor in 0.99 ms, found 2 plugins.
Preloading 0 native plugins for Editor in 0.00 ms.
Mono: successfully reloaded assembly
- Completed reload, in  4.251 seconds
Domain Reload Profiling:
	ReloadAssembly (4253ms)
		BeginReloadAssembly (672ms)
			ExecutionOrderSort (0ms)
			DisableScriptedObjects (26ms)
			BackupInstance (0ms)
			ReleaseScriptingObjects (0ms)
			CreateAndSetChildDomain (237ms)
		EndReloadAssembly (3142ms)
			LoadAssemblies (377ms)
			RebuildTransferFunctionScriptingTraits (0ms)
			SetupTypeCache (1089ms)
			ReleaseScriptCaches (3ms)
			RebuildScriptCaches (211ms)
			SetupLoadedEditorAssemblies (1370ms)
				LogAssemblyErrors (0ms)
				InitializePlatformSupportModulesInManaged (26ms)
				SetLoadedEditorAssemblies (1ms)
				RefreshPlugins (1ms)
				BeforeProcessingInitializeOnLoad (177ms)
				ProcessInitializeOnLoadAttributes (1027ms)
				ProcessInitializeOnLoadMethodAttributes (126ms)
				AfterProcessingInitializeOnLoad (10ms)
				EditorAssembliesLoaded (1ms)
			ExecutionOrderSort2 (0ms)
			AwakeInstancesAfterBackupRestoration (22ms)
Platform modules already initialized, skipping
Refreshing native plugins compatible for Editor in 7.87 ms, found 2 plugins.
Preloading 0 native plugins for Editor in 0.00 ms.
Unloading 3123 Unused Serialized files (Serialized files now loaded: 0)
Unloading 17 unused Assets / (64.6 KB). Loaded Objects now: 3706.
Memory consumption went from 120.9 MB to 120.8 MB.
Total: 9.916345 ms (FindLiveObjects: 0.685886 ms CreateObjectMapping: 0.432917 ms MarkObjects: 8.552847 ms  DeleteObjects: 0.241806 ms)

AssetImportParameters requested are different than current active one (requested -> active):
  custom:video-decoder-ogg-theora: a1e56fd34408186e4bbccfd4996cb3dc -> 
  custom:container-muxer-webm: aa71ff27fc2769a1b78a27578f13a17b -> 
  custom:container-demuxer-webm: 4f35f7cbe854078d1ac9338744f61a02 -> 
  custom:video-encoder-webm-vp8: eb34c28f22e8b96e1ab97ce403110664 -> 
  custom:framework-osx-AVFoundation: e770b220cccbd017edd2c1fefb359320 -> 
  custom:audio-encoder-webm-vorbis: bf7c407c2cedff20999df2af8eb42d56 -> 
  custom:container-demuxer-ogg: 62fdf1f143b41e24485cea50d1cbac27 -> 
  custom:video-decoder-webm-vp8: 9c59270c3fd7afecdb556c50c9e8de78 -> 
  custom:audio-decoder-ogg-vorbis: bf7c407c2cedff20999df2af8eb42d56 -> 
========================================================================
Received Import Request.
  Time since last request: 43.319945 seconds.
  path: Assets/Models/City_Models/Roads/road_straightBarrier.obj
  artifactKey: Guid(7e9807d5c906e4dae821e7108a756772) Importer(815301076,1909f56bfc062723c751e8b465ee728b)
Start importing Assets/Models/City_Models/Roads/road_straightBarrier.obj using Guid(7e9807d5c906e4dae821e7108a756772) Importer(815301076,1909f56bfc062723c751e8b465ee728b)  -> (artifact id: '00000000000000000000000000000000') in 0.203051 seconds  code(4) message(Build asset version error: assets/models/city_models/roads/road_straightbarrier.obj.meta in SourceAssetDB has modification time of '2023-05-03T22:31:13Z' while content on disk has modification time of '2023-05-04T15:19:03Z')
  ERROR: Build asset version error: assets/models/city_models/roads/road_straightbarrier.obj.meta in SourceAssetDB has modification time of '2023-05-03T22:31:13Z' while content on disk has modification time of '2023-05-04T15:19:03Z'
========================================================================
Received Import Request.
  Time since last request: 2.741759 seconds.
  path: Assets/Models/City_Models/Roads/road_bendSquare.obj
  artifactKey: Guid(da9bfb7df00f04b328e7b4717e92c27e) Importer(815301076,1909f56bfc062723c751e8b465ee728b)
Start importing Assets/Models/City_Models/Roads/road_bendSquare.obj using Guid(da9bfb7df00f04b328e7b4717e92c27e) Importer(815301076,1909f56bfc062723c751e8b465ee728b)  -> (artifact id: '00000000000000000000000000000000') in 0.061691 seconds  code(4) message(Build asset version error: assets/models/city_models/roads/road_bendsquare.obj.meta in SourceAssetDB has modification time of '2023-05-03T22:31:12Z' while content on disk has modification time of '2023-05-04T15:04:22Z')
  ERROR: Build asset version error: assets/models/city_models/roads/road_bendsquare.obj.meta in SourceAssetDB has modification time of '2023-05-03T22:31:12Z' while content on disk has modification time of '2023-05-04T15:04:22Z'
========================================================================
Received Import Request.
  Time since last request: 30.889036 seconds.
  path: 
  artifactKey: Guid(01c1521b6d2ee45eda8708f069a12bc6) Importer(815301076,1909f56bfc062723c751e8b465ee728b)
Start importing  using Guid(01c1521b6d2ee45eda8708f069a12bc6) Importer(815301076,1909f56bfc062723c751e8b465ee728b)  -> (artifact id: '00000000000000000000000000000000') in 0.000101 seconds  code(3) message(Unknown asset with GUID '01c1521b6d2ee45eda8708f069a12bc6')
  ERROR: Unknown asset with GUID '01c1521b6d2ee45eda8708f069a12bc6'
========================================================================
Received Import Request.
  Time since last request: 1.027530 seconds.
  path: 
  artifactKey: Guid(e108bd55603d044988dd8d483184b3fb) Importer(815301076,1909f56bfc062723c751e8b465ee728b)
Start importing  using Guid(e108bd55603d044988dd8d483184b3fb) Importer(815301076,1909f56bfc062723c751e8b465ee728b)  -> (artifact id: '00000000000000000000000000000000') in 0.000120 seconds  code(3) message(Unknown asset with GUID 'e108bd55603d044988dd8d483184b3fb')
  ERROR: Unknown asset with GUID 'e108bd55603d044988dd8d483184b3fb'
========================================================================
Received Import Request.
  Time since last request: 0.000211 seconds.
  path: 
  artifactKey: Guid(c65d3f2a65d2343b48d783014eb53de2) Importer(815301076,1909f56bfc062723c751e8b465ee728b)
Start importing  using Guid(c65d3f2a65d2343b48d783014eb53de2) Importer(815301076,1909f56bfc062723c751e8b465ee728b)  -> (artifact id: '00000000000000000000000000000000') in 0.000112 seconds  code(3) message(Unknown asset with GUID 'c65d3f2a65d2343b48d783014eb53de2')
  ERROR: Unknown asset with GUID 'c65d3f2a65d2343b48d783014eb53de2'
========================================================================
Received Import Request.
  Time since last request: 0.000200 seconds.
  path: 
  artifactKey: Guid(27f2e40c565284629aa4a682c481dfbe) Importer(815301076,1909f56bfc062723c751e8b465ee728b)
Start importing  using Guid(27f2e40c565284629aa4a682c481dfbe) Importer(815301076,1909f56bfc062723c751e8b465ee728b)  -> (artifact id: '00000000000000000000000000000000') in 0.000142 seconds  code(3) message(Unknown asset with GUID '27f2e40c565284629aa4a682c481dfbe')
  ERROR: Unknown asset with GUID '27f2e40c565284629aa4a682c481dfbe'
========================================================================
Received Import Request.
  Time since last request: 0.000138 seconds.
  path: 
  artifactKey: Guid(d9c43b72769f948708c1032233604c12) Importer(815301076,1909f56bfc062723c751e8b465ee728b)
Start importing  using Guid(d9c43b72769f948708c1032233604c12) Importer(815301076,1909f56bfc062723c751e8b465ee728b)  -> (artifact id: '00000000000000000000000000000000') in 0.000117 seconds  code(3) message(Unknown asset with GUID 'd9c43b72769f948708c1032233604c12')
  ERROR: Unknown asset with GUID 'd9c43b72769f948708c1032233604c12'
